Path already exists, will now be /hpc/projects/data_lg/olivia.yoo/ortho_seqs/amyloid_beta/server_ortho_seq_results/nterm_all_first0

Pheno file is not separate from sequence file, assuming seq_file is either a .csv or a .xlsx file.
Reading .csv file.
0       KFRHSGYVHHQKVFFADVGS
1       TFRHSGYVHHQKVFFADVGS
2       IFRHSGYVHHQKVFFADVGS
3       PFRHSGYVHHQKVFFADVGS
4       EFRHSGYVHHQKVFFADVGS
                ...         
3269    AFRHSGYVHHQKVFFADVCT
3270    AFRHSGYVHHQKVFFADVDT
3271    AFRHSGYVHHQKVFFADVRT
3272    AFRHSGYVHHQKVFFADVST
3273    AFRHSGYVHHQKVFFADVVT
Name: 0, Length: 3274, dtype: object

Phenotype Values (Fest):
[-0.77302819 -0.17202149 -2.69727383 ... -2.65503253 -0.39341231
 -1.27259213]
Will be computing 3274 sequences with 20 sites, and each vector will be 20-dimensional.

rf1d form of alphabet input:
A,C,D,E,F,G,H,I,K,L,M,N,P,Q,R,S,T,V,W,Y
computed mean
computed variance
computed covariance
saved covariance histogram as /hpc/projects/data_lg/olivia.yoo/ortho_seqs/amyloid_beta/server_ortho_seq_results/nterm_all_first0/cov_hist_amyloid_nterm_nostop.png
Saved covariance data frame as /hpc/projects/data_lg/olivia.yoo/ortho_seqs/amyloid_beta/server_ortho_seq_results/nterm_all_first0/cov_data_frame_amyloid_nterm_nostop.csv
computed reg11
computed Pa: first order orthogonalized within each vector
computed P1i1
computed varP1i1
computed cov11i1
computed reg11i1
computed Pa1i1
computed P1D
computed varP1D
Saving to /hpc/projects/data_lg/olivia.yoo/ortho_seqs/amyloid_beta/server_ortho_seq_results/nterm_all_first0/amyloid_nterm_nostop.npz
Saving to /hpc/projects/data_lg/olivia.yoo/ortho_seqs/amyloid_beta/server_ortho_seq_results/nterm_all_first0/amyloid_nterm_nostop_covs_with_F.npz
Regression of trait on site 1
[[ 1.0802756960e-01  0.0000000000e+00  7.9289949999e-01 -3.3983163977e-01
   0.0000000000e+00  4.2359087440e-01  0.0000000000e+00 -1.6042760809e+00
   3.2055747958e-01 -4.8465140563e-01  0.0000000000e+00  0.0000000000e+00
   4.3236354642e-01  0.0000000000e+00  0.0000000000e+00  1.4988638711e-01
   3.8379901613e-01 -7.8777634789e-01  0.0000000000e+00  0.0000000000e+00]
 [ 0.0000000000e+00 -1.1387271640e-01  0.0000000000e+00  0.0000000000e+00
  -5.2211661332e-02  0.0000000000e+00  2.6920285884e-01 -5.0346236928e-04
   0.0000000000e+00 -3.1993032701e-01  0.0000000000e+00  5.4336409901e-01
   5.6263899918e-01  0.0000000000e+00  0.0000000000e+00  1.4605703728e-01
   5.4590578282e-01 -7.2559908693e-01  0.0000000000e+00  4.3431025400e-01]
 [ 0.0000000000e+00 -1.5109316338e-01  0.0000000000e+00  0.0000000000e+00
   0.0000000000e+00 -7.9333826682e-01  6.8536713646e-01  2.4747428708e-01
   1.1085672581e+00 -5.2554877306e-01  0.0000000000e+00  0.0000000000e+00
  -9.8260928463e-01 -2.6867661751e-01  4.9677367688e-01 -2.3684204465e-01
  -2.2299641939e+00  0.0000000000e+00  7.3460424666e-01  0.0000000000e+00]
 [ 0.0000000000e+00  7.0973939497e-02 -9.3887501280e-01 -1.0890741093e+00
  -2.1702903067e-01  0.0000000000e+00  1.3189078445e-01  5.2875083409e-01
  -8.9684240033e-01 -8.1157907615e-01  0.0000000000e+00 -4.2913643332e-01
  -9.1034624213e-01  2.9964329919e-01  6.1115489834e-01  5.6265709989e-01
   0.0000000000e+00  0.0000000000e+00  0.0000000000e+00 -9.3764291448e-02]
 [-1.5906813825e-01  0.0000000000e+00  0.0000000000e+00  0.0000000000e+00
   1.6917122747e+00  0.0000000000e+00  0.0000000000e+00  4.0106870728e-01
  -1.4850489106e-01 -2.6120575578e-01  0.0000000000e+00  0.0000000000e+00
   4.6530505955e-01  0.0000000000e+00  0.0000000000e+00 -1.8185507774e-01
   2.1193973858e-01  0.0000000000e+00  0.0000000000e+00  1.4512253398e+00]
 [-1.3496501417e+00  9.7379343976e-01  6.9197078470e-01 -8.0472750326e-01
   0.0000000000e+00  2.8440362822e-01  0.0000000000e+00  0.0000000000e+00
   0.0000000000e+00  7.4128361863e-02  0.0000000000e+00  0.0000000000e+00
   0.0000000000e+00  0.0000000000e+00  3.2525189699e-01 -1.1651883496e+00
   0.0000000000e+00 -1.7119121629e-01  1.1172747981e+00  0.0000000000e+00]
 [ 0.0000000000e+00  2.3147429231e-01 -8.5622232971e-01  0.0000000000e+00
   3.1237945416e-01  0.0000000000e+00  4.3727753308e-01  8.5370724719e-01
   1.3599690061e+00 -7.4364029887e-01  0.0000000000e+00  4.2786480933e-01
   0.0000000000e+00  1.0197681444e+00  2.7193502677e-01  4.5210015822e-01
   0.0000000000e+00  0.0000000000e+00  0.0000000000e+00 -3.6010817770e-01]
 [ 4.9939667280e-01  0.0000000000e+00  2.8482980739e-01  8.1699407882e-01
  -1.3137987420e-01  2.9153118233e-01 -1.3260386584e+00  3.4325360849e-01
   0.0000000000e+00 -5.7839682839e-01  0.0000000000e+00  1.4971929020e+00
  -1.9516918963e+00  0.0000000000e+00  0.0000000000e+00  5.2333768038e-01
   1.7128015457e+00 -2.6080307795e-01  0.0000000000e+00 -2.6964987572e-01]
 [ 0.0000000000e+00  1.2982713431e+00 -1.1389071489e+00  0.0000000000e+00
   1.4725367531e+00  0.0000000000e+00 -1.4204648638e-01  1.8793226828e+00
  -1.3828776950e-01 -5.3245000976e-01  0.0000000000e+00  1.1025336124e+00
   3.9392880162e-01 -1.0065507173e-01  1.3339675788e-01  4.1711383571e-01
   0.0000000000e+00  0.0000000000e+00  0.0000000000e+00  6.2204140589e-01]
 [ 0.0000000000e+00  2.5808956271e-01 -1.0038197129e+00  0.0000000000e+00
   0.0000000000e+00  0.0000000000e+00 -8.7707926032e-02  2.2478794886e+00
   1.6553983459e+00  2.3279932770e-01  0.0000000000e+00  3.3132212931e-01
   5.8149315162e-01  5.8957900545e-02  7.8710548814e-02  3.7210078624e-01
   0.0000000000e+00  0.0000000000e+00  0.0000000000e+00 -5.3990610583e-01]
 [ 0.0000000000e+00  0.0000000000e+00 -1.6496732880e+00 -6.6094350933e-01
   0.0000000000e+00  0.0000000000e+00  7.7296459267e-01  1.7427512162e+00
  -7.8951014559e-01  2.1776421661e-01  0.0000000000e+00  1.0692554006e+00
   9.9779429276e-01  1.5676841250e-01 -1.3314761910e+00  0.0000000000e+00
   0.0000000000e+00  0.0000000000e+00  0.0000000000e+00 -5.8283366282e-01]
 [ 0.0000000000e+00  0.0000000000e+00 -5.7685461092e-01 -8.6315089322e-01
   0.0000000000e+00  3.7282767133e-01  8.5099916141e-01 -1.3645017370e+00
   3.0927655960e-01 -6.4412151946e-01 -1.0197855091e+00  9.8415997397e-01
   0.0000000000e+00  1.8911983044e-02 -2.5556099336e-01  1.0499445697e+00
   8.8924033436e-01  1.7905402129e-02  0.0000000000e+00  1.0400933162e+00]
 [-4.3942809203e-01  0.0000000000e+00  1.8639424152e+00 -1.0410023016e-01
   0.0000000000e+00 -3.9528341005e-01  0.0000000000e+00  1.3064822042e+00
  -1.3735308020e-01 -1.0972872299e+00  1.8699353064e-02  0.0000000000e+00
   0.0000000000e+00  0.0000000000e+00  0.0000000000e+00  0.0000000000e+00
   2.0529751917e-01  2.8259220054e-01  0.0000000000e+00  0.0000000000e+00]
 [ 0.0000000000e+00 -1.9227211910e+00  1.1440017771e+00  0.0000000000e+00
  -3.6502403100e-01  0.0000000000e+00 -8.4291965683e-02  1.5322335805e+00
   0.0000000000e+00  1.2917817065e-03  0.0000000000e+00  2.0145008488e-01
  -8.3600082939e-01  0.0000000000e+00  0.0000000000e+00 -4.9474882822e-01
   5.5099393728e-01  6.1498128367e-01  0.0000000000e+00 -6.6230790083e-02]
 [ 0.0000000000e+00 -1.1122981993e+00 -1.4386051570e+00  0.0000000000e+00
  -3.5500706555e-01  0.0000000000e+00  6.1749336667e-01  1.0917306045e+00
   0.0000000000e+00  1.3045518548e-01  0.0000000000e+00  5.1150654115e-01
  -3.0933664622e-02  0.0000000000e+00  1.7560491359e-02  3.3691253680e-01
   1.4892564167e+00 -1.2155127891e-01  0.0000000000e+00  3.7511796910e-01]
 [ 1.9643157081e-01  0.0000000000e+00 -1.0146899365e+00 -1.1983118755e+00
   0.0000000000e+00  1.2303884059e-01  0.0000000000e+00  1.7005227164e+00
   0.0000000000e+00  0.0000000000e+00  0.0000000000e+00  0.0000000000e+00
  -1.1877844039e+00  0.0000000000e+00  0.0000000000e+00 -5.7679640334e-01
  -6.0153977986e-02  8.4220645928e-01  0.0000000000e+00  0.0000000000e+00]
 [-7.2364443445e-02 -9.0596841974e-01 -1.3042512663e-01  1.0298833204e+00
  -3.7041446672e+00  1.3826729557e+00  4.0860932613e-01 -2.7800188663e+00
   3.4480967535e-01  0.0000000000e+00  0.0000000000e+00  1.5203319919e+00
   0.0000000000e+00  0.0000000000e+00  0.0000000000e+00  1.1412776130e+00
   0.0000000000e+00 -1.8741023470e+00  0.0000000000e+00 -2.5582127328e+00]
 [ 3.6178475620e-01  0.0000000000e+00 -8.2088541938e-02 -5.7887269542e-01
   0.0000000000e+00  8.0366386267e-01  0.0000000000e+00  1.9392120114e+00
   5.4803349469e-01 -7.6052400829e-01  3.8717995749e-01  0.0000000000e+00
   0.0000000000e+00  0.0000000000e+00  0.0000000000e+00  2.4246123009e-01
  -2.6835394721e-01 -6.7889787510e-02 -3.5367060414e+00  0.0000000000e+00]
 [-7.9879170102e-01 -1.2620839893e-01 -1.6616334727e+00 -1.7128824904e+00
  -4.5487465485e-01  4.9422812644e-01  0.0000000000e+00  0.0000000000e+00
   0.0000000000e+00  0.0000000000e+00  0.0000000000e+00  1.1726920716e+00
   0.0000000000e+00  0.0000000000e+00 -4.8561063879e-01  3.6044574532e-01
  -8.3743435665e-01 -2.6954411968e-01 -3.3468278061e+00 -5.2085058888e-01]
 [-9.8880388686e-01 -6.7951684664e-02  0.0000000000e+00  0.0000000000e+00
   3.2390096323e-01  0.0000000000e+00  0.0000000000e+00  9.5757715008e-01
   2.6924761347e-01  2.9543461374e-01  0.0000000000e+00  0.0000000000e+00
  -1.6407980834e+00  1.3166800774e+00 -1.6741435912e-01  3.0705081184e-01
   5.8091137345e-01  2.0152964169e+00  0.0000000000e+00  7.1087425542e-01]]
Regression on 1st order polynomial - orthogonalized within - rFon1D
[[ 0.1228779798  0.            0.7490771371 -0.362753059   0.
   0.3798260934  0.           -1.6482383313  0.2767075531 -0.5285483202
   0.            0.            0.4634289606  0.            0.
   0.1378044461  0.374927981  -0.805850158   0.            0.          ]
 [ 0.            0.1694142475  0.            0.           -0.0375817627
   0.            0.2253499355 -0.0277989079  0.           -0.3293232964
   0.            0.4995271744  0.5188031994  0.            0.
   0.1370750889  0.5020690065 -0.7700366824  0.            0.412093155 ]
 [ 0.           -0.1949706131  0.            0.            0.
  -0.804572738   0.6415384985  0.2036200958  1.0647633159 -0.569284843
   0.            0.           -1.0277153293 -0.2948008681  0.5333012855
  -0.2807244982 -2.2739629563  0.            0.6907784819  0.          ]
 [ 0.            0.0928888483 -0.8468216375 -1.0672475843 -0.1951360647
   0.            0.1118827066  0.5507006209 -0.8750012293 -0.7802427998
   0.           -0.448463491  -1.0056265382  0.3218485532  0.6445562477
   0.58460947    0.            0.            0.           -0.0917697188]
 [-0.2032758602  0.            0.            0.            1.6479423621
   0.            0.            0.357223479  -0.1923821897 -0.2976533659
   0.            0.            0.4485212995  0.            0.
  -0.1572370026  0.1946405372  0.            0.            1.4074413936]
 [-1.3943577589  0.9299816329  0.6481425321 -0.8148533069  0.
   0.2986004392  0.            0.            0.            0.030264055
   0.            0.            0.            0.            0.3063836849
  -1.209124977   0.           -0.1714139323  1.0734713641  0.          ]
 [ 0.            0.2157519675 -0.9003389847  0.            0.3081723902
   0.            0.4319454956  0.8098884327  1.3161797346 -0.7876117233
   0.            0.3990490885  0.            0.9759590204  0.2280822629
   0.4082996808  0.            0.            0.           -0.3448391542]
 [ 0.4718986905  0.            0.2552738399  0.7731731219 -0.1658717888
   0.3341675921 -1.3699846722  0.3197495246  0.           -0.6487826028
   0.            1.4534116382 -1.9956744201  0.            0.
   0.4794995871  1.6690328637 -0.2327545523  0.           -0.3135342438]
 [ 0.            1.2544784712 -1.1829247217  0.            1.4287540504
   0.           -0.1289260056  1.8355637182 -0.182164472  -0.5541723297
   0.            1.0798648279  0.3500972313 -0.111069933   0.1322756729
   0.3732695438  0.            0.            0.            0.6183804597]
 [ 0.            0.2142359909 -1.048195282   0.            0.
   0.           -0.0691809599  2.2041420311  1.6116263141  0.2100445691
   0.            0.3184110548  0.5379660405  0.0370364868  0.0666458272
   0.3282538676  0.            0.            0.           -0.535457137 ]
 [ 0.            0.           -1.6936381875 -0.8054796806  0.
   0.            0.7640933623  1.698984282  -0.7867497677  0.1888029867
   0.            1.0254491644  0.9819906031  0.1746538677 -1.3392389628
   0.            0.            0.            0.           -0.6267363068]
 [ 0.            0.           -0.620756906  -0.8729174237  0.
   0.3289807951  0.8071801889 -1.3976871542  0.3447270736 -0.6880277399
  -1.0637136514  0.9576904941  0.           -0.0163157889 -0.2842436787
   1.0061372066  0.8056282681 -0.0259621857  0.            0.9962853783]
 [-0.4534207459  0.            1.8201825531 -0.1138947165  0.
  -0.4389061919  0.            1.2626898114 -0.1812297281 -1.1643969664
  -0.0102860361  0.            0.            0.            0.
   0.            0.1614368858  0.3108711623  0.            0.          ]
 [ 0.           -1.9581220611  1.1001999027  0.           -0.3444953643
   0.           -0.1281655172  1.524138843   0.           -0.0217961834
   0.            0.1575932079 -0.879918247   0.            0.
  -0.5198533085  0.5071574579  0.6053528057  0.           -0.0936314131]
 [ 0.           -1.204125176  -1.4825577396  0.           -0.3397533713
   0.            0.5736607679  1.0871004416  0.            0.1267254844
   0.            0.4676677575 -0.0748041024  0.           -0.0263071166
   0.3293863235  1.4454746897 -0.1574902415  0.            0.362722207 ]
 [ 0.            0.            0.            0.            0.
   0.            0.            0.            0.            0.
   0.            0.            0.            0.            0.
   0.            0.            0.            0.            0.          ]
 [-0.1162372989 -0.9498899203 -0.0938294114  1.0092150821 -3.7482294556
   1.3594470096  0.2318189997 -2.8240497272  0.3009611641  0.
   0.            1.4677286337  0.            0.            0.
   1.0974755797  0.           -1.9001324383  0.           -2.6237727691]
 [ 0.3327117062  0.           -0.1259619649 -0.5808242075  0.
   0.7818410003  0.            1.8954565417  0.5042128767 -0.7612445894
   0.3925221416  0.            0.            0.            0.
   0.1986067463 -0.3122382397 -0.0562292089 -3.5807810589  0.          ]
 [-0.8650022498 -0.1330008958 -1.687038465  -1.7568510785 -0.4987698318
   0.5206227269  0.            0.            0.            0.
   0.            1.1288918715  0.            0.           -0.557546646
   0.3479414546 -0.8813518579 -0.2798049797 -3.3908917432 -0.5647496158]
 [ 0.            0.            0.            0.            0.
   0.            0.            0.            0.            0.
   0.            0.            0.            0.            0.
   0.            0.            0.            0.            0.          ]]
Regression of trait on site 2 independent of 1
[0. 0. 0. 0. 0. 0. 0. 0. 0. 0. 0. 0. 0. 0. 0. 0. 0. 0. 0. 0.]
computed rFon1
computed rFon1D
Saving regression results to to /hpc/projects/data_lg/olivia.yoo/ortho_seqs/amyloid_beta/server_ortho_seq_results/nterm_all_first0/amyloid_nterm_nostop_regressions.npz
Trait values estimated from regressions
[0, 0, 0, 0, 0, 0, 0, 0, 0, 0, 0, 0, 0, 0, 0, 0, 0, 0, 0, 0, 0, 0, 0, 0, 0, 0, 0, 0, 0, 0, 0, 0, 0, 0, 0, 0, 0, 0, 0, 0, 0, 0, 0, 0, 0, 0, 0, 0, 0, 0, 0, 0, 0, 0, 0, 0, 0, 0, 0, 0, 0, 0, 0, 0, 0, 0, 0, 0, 0, 0, 0, 0, 0, 0, 0, 0, 0, 0, 0, 0, 0, 0, 0, 0, 0, 0, 0, 0, 0, 0, 0, 0, 0, 0, 0, 0, 0, 0, 0, 0, 0, 0, 0, 0, 0, 0, 0, 0, 0, 0, 0, 0, 0, 0, 0, 0, 0, 0, 0, 0, 0, 0, 0, 0, 0, 0, 0, 0, 0, 0, 0, 0, 0, 0, 0, 0, 0, 0, 0, 0, 0, 0, 0, 0, 0, 0, 0, 0, 0, 0, 0, 0, 0, 0, 0, 0, 0, 0, 0, 0, 0, 0, 0, 0, 0, 0, 0, 0, 0, 0, 0, 0, 0, 0, 0, 0, 0, 0, 0, 0, 0, 0, 0, 0, 0, 0, 0, 0, 0, 0, 0, 0, 0, 0, 0, 0, 0, 0, 0, 0, 0, 0, 0, 0, 0, 0, 0, 0, 0, 0, 0, 0, 0, 0, 0, 0, 0, 0, 0, 0, 0, 0, 0, 0, 0, 0, 0, 0, 0, 0, 0, 0, 0, 0, 0, 0, 0, 0, 0, 0, 0, 0, 0, 0, 0, 0, 0, 0, 0, 0, 0, 0, 0, 0, 0, 0, 0, 0, 0, 0, 0, 0, 0, 0, 0, 0, 0, 0, 0, 0, 0, 0, 0, 0, 0, 0, 0, 0, 0, 0, 0, 0, 0, 0, 0, 0, 0, 0, 0, 0, 0, 0, 0, 0, 0, 0, 0, 0, 0, 0, 0, 0, 0, 0, 0, 0, 0, 0, 0, 0, 0, 0, 0, 0, 0, 0, 0, 0, 0, 0, 0, 0, 0, 0, 0, 0, 0, 0, 0, 0, 0, 0, 0, 0, 0, 0, 0, 0, 0, 0, 0, 0, 0, 0, 0, 0, 0, 0, 0, 0, 0, 0, 0, 0, 0, 0, 0, 0, 0, 0, 0, 0, 0, 0, 0, 0, 0, 0, 0, 0, 0, 0, 0, 0, 0, 0, 0, 0, 0, 0, 0, 0, 0, 0, 0, 0, 0, 0, 0, 0, 0, 0, 0, 0, 0, 0, 0, 0, 0, 0, 0, 0, 0, 0, 0, 0, 0, 0, 0, 0, 0, 0, 0, 0, 0, 0, 0, 0, 0, 0, 0, 0, 0, 0, 0, 0, 0, 0, 0, 0, 0, 0, 0, 0, 0, 0, 0, 0, 0, 0, 0, 0, 0, 0, 0, 0, 0, 0, 0, 0, 0, 0, 0, 0, 0, 0, 0, 0, 0, 0, 0, 0, 0, 0, 0, 0, 0, 0, 0, 0, 0, 0, 0, 0, 0, 0, 0, 0, 0, 0, 0, 0, 0, 0, 0, 0, 0, 0, 0, 0, 0, 0, 0, 0, 0, 0, 0, 0, 0, 0, 0, 0, 0, 0, 0, 0, 0, 0, 0, 0, 0, 0, 0, 0, 0, 0, 0, 0, 0, 0, 0, 0, 0, 0, 0, 0, 0, 0, 0, 0, 0, 0, 0, 0, 0, 0, 0, 0, 0, 0, 0, 0, 0, 0, 0, 0, 0, 0, 0, 0, 0, 0, 0, 0, 0, 0, 0, 0, 0, 0, 0, 0, 0, 0, 0, 0, 0, 0, 0, 0, 0, 0, 0, 0, 0, 0, 0, 0, 0, 0, 0, 0, 0, 0, 0, 0, 0, 0, 0, 0, 0, 0, 0, 0, 0, 0, 0, 0, 0, 0, 0, 0, 0, 0, 0, 0, 0, 0, 0, 0, 0, 0, 0, 0, 0, 0, 0, 0, 0, 0, 0, 0, 0, 0, 0, 0, 0, 0, 0, 0, 0, 0, 0, 0, 0, 0, 0, 0, 0, 0, 0, 0, 0, 0, 0, 0, 0, 0, 0, 0, 0, 0, 0, 0, 0, 0, 0, 0, 0, 0, 0, 0, 0, 0, 0, 0, 0, 0, 0, 0, 0, 0, 0, 0, 0, 0, 0, 0, 0, 0, 0, 0, 0, 0, 0, 0, 0, 0, 0, 0, 0, 0, 0, 0, 0, 0, 0, 0, 0, 0, 0, 0, 0, 0, 0, 0, 0, 0, 0, 0, 0, 0, 0, 0, 0, 0, 0, 0, 0, 0, 0, 0, 0, 0, 0, 0, 0, 0, 0, 0, 0, 0, 0, 0, 0, 0, 0, 0, 0, 0, 0, 0, 0, 0, 0, 0, 0, 0, 0, 0, 0, 0, 0, 0, 0, 0, 0, 0, 0, 0, 0, 0, 0, 0, 0, 0, 0, 0, 0, 0, 0, 0, 0, 0, 0, 0, 0, 0, 0, 0, 0, 0, 0, 0, 0, 0, 0, 0, 0, 0, 0, 0, 0, 0, 0, 0, 0, 0, 0, 0, 0, 0, 0, 0, 0, 0, 0, 0, 0, 0, 0, 0, 0, 0, 0, 0, 0, 0, 0, 0, 0, 0, 0, 0, 0, 0, 0, 0, 0, 0, 0, 0, 0, 0, 0, 0, 0, 0, 0, 0, 0, 0, 0, 0, 0, 0, 0, 0, 0, 0, 0, 0, 0, 0, 0, 0, 0, 0, 0, 0, 0, 0, 0, 0, 0, 0, 0, 0, 0, 0, 0, 0, 0, 0, 0, 0, 0, 0, 0, 0, 0, 0, 0, 0, 0, 0, 0, 0, 0, 0, 0, 0, 0, 0, 0, 0, 0, 0, 0, 0, 0, 0, 0, 0, 0, 0, 0, 0, 0, 0, 0, 0, 0, 0, 0, 0, 0, 0, 0, 0, 0, 0, 0, 0, 0, 0, 0, 0, 0, 0, 0, 0, 0, 0, 0, 0, 0, 0, 0, 0, 0, 0, 0, 0, 0, 0, 0, 0, 0, 0, 0, 0, 0, 0, 0, 0, 0, 0, 0, 0, 0, 0, 0, 0, 0, 0, 0, 0, 0, 0, 0, 0, 0, 0, 0, 0, 0, 0, 0, 0, 0, 0, 0, 0, 0, 0, 0, 0, 0, 0, 0, 0, 0, 0, 0, 0, 0, 0, 0, 0, 0, 0, 0, 0, 0, 0, 0, 0, 0, 0, 0, 0, 0, 0, 0, 0, 0, 0, 0, 0, 0, 0, 0, 0, 0, 0, 0, 0, 0, 0, 0, 0, 0, 0, 0, 0, 0, 0, 0, 0, 0, 0, 0, 0, 0, 0, 0, 0, 0, 0, 0, 0, 0, 0, 0, 0, 0, 0, 0, 0, 0, 0, 0, 0, 0, 0, 0, 0, 0, 0, 0, 0, 0, 0, 0, 0, 0, 0, 0, 0, 0, 0, 0, 0, 0, 0, 0, 0, 0, 0, 0, 0, 0, 0, 0, 0, 0, 0, 0, 0, 0, 0, 0, 0, 0, 0, 0, 0, 0, 0, 0, 0, 0, 0, 0, 0, 0, 0, 0, 0, 0, 0, 0, 0, 0, 0, 0, 0, 0, 0, 0, 0, 0, 0, 0, 0, 0, 0, 0, 0, 0, 0, 0, 0, 0, 0, 0, 0, 0, 0, 0, 0, 0, 0, 0, 0, 0, 0, 0, 0, 0, 0, 0, 0, 0, 0, 0, 0, 0, 0, 0, 0, 0, 0, 0, 0, 0, 0, 0, 0, 0, 0, 0, 0, 0, 0, 0, 0, 0, 0, 0, 0, 0, 0, 0, 0, 0, 0, 0, 0, 0, 0, 0, 0, 0, 0, 0, 0, 0, 0, 0, 0, 0, 0, 0, 0, 0, 0, 0, 0, 0, 0, 0, 0, 0, 0, 0, 0, 0, 0, 0, 0, 0, 0, 0, 0, 0, 0, 0, 0, 0, 0, 0, 0, 0, 0, 0, 0, 0, 0, 0, 0, 0, 0, 0, 0, 0, 0, 0, 0, 0, 0, 0, 0, 0, 0, 0, 0, 0, 0, 0, 0, 0, 0, 0, 0, 0, 0, 0, 0, 0, 0, 0, 0, 0, 0, 0, 0, 0, 0, 0, 0, 0, 0, 0, 0, 0, 0, 0, 0, 0, 0, 0, 0, 0, 0, 0, 0, 0, 0, 0, 0, 0, 0, 0, 0, 0, 0, 0, 0, 0, 0, 0, 0, 0, 0, 0, 0, 0, 0, 0, 0, 0, 0, 0, 0, 0, 0, 0, 0, 0, 0, 0, 0, 0, 0, 0, 0, 0, 0, 0, 0, 0, 0, 0, 0, 0, 0, 0, 0, 0, 0, 0, 0, 0, 0, 0, 0, 0, 0, 0, 0, 0, 0, 0, 0, 0, 0, 0, 0, 0, 0, 0, 0, 0, 0, 0, 0, 0, 0, 0, 0, 0, 0, 0, 0, 0, 0, 0, 0, 0, 0, 0, 0, 0, 0, 0, 0, 0, 0, 0, 0, 0, 0, 0, 0, 0, 0, 0, 0, 0, 0, 0, 0, 0, 0, 0, 0, 0, 0, 0, 0, 0, 0, 0, 0, 0, 0, 0, 0, 0, 0, 0, 0, 0, 0, 0, 0, 0, 0, 0, 0, 0, 0, 0, 0, 0, 0, 0, 0, 0, 0, 0, 0, 0, 0, 0, 0, 0, 0, 0, 0, 0, 0, 0, 0, 0, 0, 0, 0, 0, 0, 0, 0, 0, 0, 0, 0, 0, 0, 0, 0, 0, 0, 0, 0, 0, 0, 0, 0, 0, 0, 0, 0, 0, 0, 0, 0, 0, 0, 0, 0, 0, 0, 0, 0, 0, 0, 0, 0, 0, 0, 0, 0, 0, 0, 0, 0, 0, 0, 0, 0, 0, 0, 0, 0, 0, 0, 0, 0, 0, 0, 0, 0, 0, 0, 0, 0, 0, 0, 0, 0, 0, 0, 0, 0, 0, 0, 0, 0, 0, 0, 0, 0, 0, 0, 0, 0, 0, 0, 0, 0, 0, 0, 0, 0, 0, 0, 0, 0, 0, 0, 0, 0, 0, 0, 0, 0, 0, 0, 0, 0, 0, 0, 0, 0, 0, 0, 0, 0, 0, 0, 0, 0, 0, 0, 0, 0, 0, 0, 0, 0, 0, 0, 0, 0, 0, 0, 0, 0, 0, 0, 0, 0, 0, 0, 0, 0, 0, 0, 0, 0, 0, 0, 0, 0, 0, 0, 0, 0, 0, 0, 0, 0, 0, 0, 0, 0, 0, 0, 0, 0, 0, 0, 0, 0, 0, 0, 0, 0, 0, 0, 0, 0, 0, 0, 0, 0, 0, 0, 0, 0, 0, 0, 0, 0, 0, 0, 0, 0, 0, 0, 0, 0, 0, 0, 0, 0, 0, 0, 0, 0, 0, 0, 0, 0, 0, 0, 0, 0, 0, 0, 0, 0, 0, 0, 0, 0, 0, 0, 0, 0, 0, 0, 0, 0, 0, 0, 0, 0, 0, 0, 0, 0, 0, 0, 0, 0, 0, 0, 0, 0, 0, 0, 0, 0, 0, 0, 0, 0, 0, 0, 0, 0, 0, 0, 0, 0, 0, 0, 0, 0, 0, 0, 0, 0, 0, 0, 0, 0, 0, 0, 0, 0, 0, 0, 0, 0, 0, 0, 0, 0, 0, 0, 0, 0, 0, 0, 0, 0, 0, 0, 0, 0, 0, 0, 0, 0, 0, 0, 0, 0, 0, 0, 0, 0, 0, 0, 0, 0, 0, 0, 0, 0, 0, 0, 0, 0, 0, 0, 0, 0, 0, 0, 0, 0, 0, 0, 0, 0, 0, 0, 0, 0, 0, 0, 0, 0, 0, 0, 0, 0, 0, 0, 0, 0, 0, 0, 0, 0, 0, 0, 0, 0, 0, 0, 0, 0, 0, 0, 0, 0, 0, 0, 0, 0, 0, 0, 0, 0, 0, 0, 0, 0, 0, 0, 0, 0, 0, 0, 0, 0, 0, 0, 0, 0, 0, 0, 0, 0, 0, 0, 0, 0, 0, 0, 0, 0, 0, 0, 0, 0, 0, 0, 0, 0, 0, 0, 0, 0, 0, 0, 0, 0, 0, 0, 0, 0, 0, 0, 0, 0, 0, 0, 0, 0, 0, 0, 0, 0, 0, 0, 0, 0, 0, 0, 0, 0, 0, 0, 0, 0, 0, 0, 0, 0, 0, 0, 0, 0, 0, 0, 0, 0, 0, 0, 0, 0, 0, 0, 0, 0, 0, 0, 0, 0, 0, 0, 0, 0, 0, 0, 0, 0, 0, 0, 0, 0, 0, 0, 0, 0, 0, 0, 0, 0, 0, 0, 0, 0, 0, 0, 0, 0, 0, 0, 0, 0, 0, 0, 0, 0, 0, 0, 0, 0, 0, 0, 0, 0, 0, 0, 0, 0, 0, 0, 0, 0, 0, 0, 0, 0, 0, 0, 0, 0, 0, 0, 0, 0, 0, 0, 0, 0, 0, 0, 0, 0, 0, 0, 0, 0, 0, 0, 0, 0, 0, 0, 0, 0, 0, 0, 0, 0, 0, 0, 0, 0, 0, 0, 0, 0, 0, 0, 0, 0, 0, 0, 0, 0, 0, 0, 0, 0, 0, 0, 0, 0, 0, 0, 0, 0, 0, 0, 0, 0, 0, 0, 0, 0, 0, 0, 0, 0, 0, 0, 0, 0, 0, 0, 0, 0, 0, 0, 0, 0, 0, 0, 0, 0, 0, 0, 0, 0, 0, 0, 0, 0, 0, 0, 0, 0, 0, 0, 0, 0, 0, 0, 0, 0, 0, 0, 0, 0, 0, 0, 0, 0, 0, 0, 0, 0, 0, 0, 0, 0, 0, 0, 0, 0, 0, 0, 0, 0, 0, 0, 0, 0, 0, 0, 0, 0, 0, 0, 0, 0, 0, 0, 0, 0, 0, 0, 0, 0, 0, 0, 0, 0, 0, 0, 0, 0, 0, 0, 0, 0, 0, 0, 0, 0, 0, 0, 0, 0, 0, 0, 0, 0, 0, 0, 0, 0, 0, 0, 0, 0, 0, 0, 0, 0, 0, 0, 0, 0, 0, 0, 0, 0, 0, 0, 0, 0, 0, 0, 0, 0, 0, 0, 0, 0, 0, 0, 0, 0, 0, 0, 0, 0, 0, 0, 0, 0, 0, 0, 0, 0, 0, 0, 0, 0, 0, 0, 0, 0, 0, 0, 0, 0, 0, 0, 0, 0, 0, 0, 0, 0, 0, 0, 0, 0, 0, 0, 0, 0, 0, 0, 0, 0, 0, 0, 0, 0, 0, 0, 0, 0, 0, 0, 0, 0, 0, 0, 0, 0, 0, 0, 0, 0, 0, 0, 0, 0, 0, 0, 0, 0, 0, 0, 0, 0, 0, 0, 0, 0, 0, 0, 0, 0, 0, 0, 0, 0, 0, 0, 0, 0, 0, 0, 0, 0, 0, 0, 0, 0, 0, 0, 0, 0, 0, 0, 0, 0, 0, 0, 0, 0, 0, 0, 0, 0, 0, 0, 0, 0, 0, 0, 0, 0, 0, 0, 0, 0, 0, 0, 0, 0, 0, 0, 0, 0, 0, 0, 0, 0, 0, 0, 0, 0, 0, 0, 0, 0, 0, 0, 0, 0, 0, 0, 0, 0, 0, 0, 0, 0, 0, 0, 0, 0, 0, 0, 0, 0, 0, 0, 0, 0, 0, 0, 0, 0, 0, 0, 0, 0, 0, 0, 0, 0, 0, 0, 0, 0, 0, 0, 0, 0, 0, 0, 0, 0, 0, 0, 0, 0, 0, 0, 0, 0, 0, 0, 0, 0, 0, 0, 0, 0, 0, 0, 0, 0, 0, 0, 0, 0, 0, 0, 0, 0, 0, 0, 0, 0, 0, 0, 0, 0, 0, 0, 0, 0, 0, 0, 0, 0, 0, 0, 0, 0, 0, 0, 0, 0, 0, 0, 0, 0, 0, 0, 0, 0, 0, 0, 0, 0, 0, 0, 0, 0, 0, 0, 0, 0, 0, 0, 0, 0, 0, 0, 0, 0, 0, 0, 0, 0, 0, 0, 0, 0, 0, 0, 0, 0, 0, 0, 0, 0, 0, 0, 0, 0, 0, 0, 0, 0, 0, 0, 0, 0, 0, 0, 0, 0, 0, 0, 0, 0, 0, 0, 0, 0, 0, 0, 0, 0, 0, 0, 0, 0, 0, 0, 0, 0, 0, 0, 0, 0, 0, 0, 0, 0, 0, 0, 0, 0, 0, 0, 0, 0, 0, 0, 0, 0, 0, 0, 0, 0, 0, 0, 0, 0, 0, 0, 0, 0, 0, 0, 0, 0, 0, 0, 0, 0, 0, 0, 0, 0, 0, 0, 0, 0, 0, 0, 0, 0, 0, 0, 0, 0, 0, 0, 0, 0, 0, 0, 0, 0, 0, 0, 0, 0, 0, 0, 0, 0, 0, 0, 0, 0, 0, 0, 0, 0, 0, 0, 0, 0, 0, 0, 0, 0, 0, 0, 0, 0, 0, 0, 0, 0, 0, 0, 0, 0, 0, 0, 0, 0, 0, 0, 0, 0, 0, 0, 0, 0, 0, 0, 0, 0, 0, 0, 0, 0, 0, 0, 0, 0, 0, 0, 0, 0, 0, 0, 0, 0, 0, 0, 0, 0, 0, 0, 0, 0, 0, 0, 0, 0, 0, 0, 0, 0, 0, 0, 0, 0, 0, 0, 0, 0, 0, 0, 0, 0, 0, 0, 0, 0, 0, 0, 0, 0, 0, 0, 0, 0, 0, 0, 0, 0, 0, 0, 0, 0, 0, 0, 0, 0, 0, 0, 0, 0, 0, 0, 0, 0, 0, 0, 0, 0, 0, 0, 0, 0, 0, 0, 0, 0, 0, 0, 0, 0, 0, 0, 0, 0, 0, 0, 0, 0, 0, 0, 0, 0, 0, 0, 0, 0, 0, 0, 0, 0, 0, 0, 0, 0, 0, 0, 0, 0, 0, 0, 0, 0, 0, 0, 0, 0, 0, 0, 0, 0, 0, 0, 0, 0, 0, 0, 0, 0, 0, 0, 0, 0, 0, 0, 0, 0, 0, 0, 0, 0, 0, 0, 0, 0, 0, 0, 0, 0, 0, 0, 0, 0, 0, 0, 0, 0, 0, 0, 0, 0, 0, 0, 0, 0, 0, 0, 0, 0, 0, 0, 0, 0, 0, 0, 0, 0, 0, 0, 0, 0, 0, 0, 0, 0, 0, 0, 0, 0, 0, 0, 0, 0, 0, 0, 0, 0, 0, 0, 0, 0, 0, 0, 0, 0, 0, 0, 0, 0, 0, 0, 0, 0, 0, 0, 0, 0, 0, 0, 0, 0, 0, 0, 0, 0, 0, 0, 0, 0, 0, 0, 0, 0, 0, 0, 0, 0, 0, 0, 0, 0, 0, 0, 0, 0, 0, 0, 0, 0, 0, 0, 0, 0, 0, 0, 0, 0, 0, 0, 0, 0, 0, 0, 0, 0, 0, 0, 0, 0, 0, 0, 0, 0, 0, 0, 0, 0, 0, 0, 0, 0, 0, 0, 0, 0, 0, 0, 0, 0, 0, 0, 0, 0, 0, 0, 0, 0, 0, 0, 0, 0, 0, 0, 0, 0, 0, 0, 0, 0, 0, 0, 0, 0, 0, 0, 0, 0, 0, 0, 0, 0, 0, 0, 0, 0, 0, 0, 0, 0, 0, 0, 0, 0, 0, 0, 0, 0, 0, 0, 0, 0, 0, 0, 0, 0, 0, 0, 0, 0, 0, 0, 0, 0, 0, 0, 0, 0, 0, 0, 0, 0, 0, 0, 0, 0, 0, 0, 0, 0, 0, 0, 0, 0, 0, 0, 0, 0, 0, 0, 0, 0, 0, 0, 0, 0, 0, 0, 0, 0, 0, 0, 0, 0, 0, 0, 0, 0, 0, 0, 0, 0, 0, 0, 0, 0, 0, 0, 0, 0, 0, 0, 0, 0, 0, 0, 0, 0, 0, 0, 0, 0, 0, 0, 0, 0, 0, 0, 0, 0, 0, 0, 0, 0, 0, 0, 0, 0, 0, 0, 0, 0, 0, 0, 0, 0, 0, 0, 0, 0, 0, 0, 0, 0, 0, 0, 0, 0, 0, 0, 0, 0, 0, 0, 0, 0, 0, 0, 0, 0, 0, 0, 0, 0, 0, 0, 0, 0, 0, 0, 0, 0, 0, 0, 0, 0, 0, 0, 0, 0, 0, 0, 0, 0, 0, 0, 0, 0, 0, 0, 0, 0, 0, 0, 0, 0, 0, 0, 0, 0, 0, 0, 0, 0, 0, 0, 0, 0, 0, 0, 0, 0, 0, 0, 0, 0, 0, 0, 0, 0, 0, 0, 0, 0, 0, 0, 0, 0, 0, 0, 0, 0, 0, 0, 0, 0, 0, 0, 0, 0, 0, 0, 0, 0, 0, 0, 0, 0, 0, 0, 0, 0, 0, 0, 0, 0, 0, 0, 0, 0, 0, 0, 0, 0, 0, 0, 0, 0, 0, 0, 0, 0, 0, 0, 0, 0, 0, 0, 0, 0, 0, 0, 0, 0, 0, 0]
rf1d Object:

Number of sites: 20
Number of dimensions: 20
Alphabet input: ['A', 'C', 'D', 'E', 'F', 'G', 'H', 'I', 'K', 'L', 'M', 'N', 'P', 'Q', 'R', 'S', 'T', 'V', 'W', 'Y']
Molecule: protein

Phenotype represents nscore values
Image output directory: /hpc/projects/data_lg/olivia.yoo/ortho_seqs/amyloid_beta/server_ortho_seq_results/nterm_all_first0
Highest rFon1D magnitudes:
-3.7482	Site: 16		Key: F
-3.5808	Site: 17		Key: W
-3.3909	Site: 18		Key: W
-2.824	Site: 16		Key: I
-2.6238	Site: 16		Key: Y
-2.274	Site: 2		Key: T
2.2041	Site: 9		Key: I
-1.9957	Site: 7		Key: P
-1.9581	Site: 13		Key: C
-1.9001	Site: 16		Key: V
saved regression graph as /hpc/projects/data_lg/olivia.yoo/ortho_seqs/amyloid_beta/server_ortho_seq_results/nterm_all_first0/rFon1D_Regressions_of_nscore_values.png
--- 517874.9731314182 seconds ---
