Path already exists, will now be /hpc/projects/data_lg/olivia.yoo/ortho_seqs/amyloid_beta/server_ortho_seq_results/gk_alberts_second0

Pheno file is not separate from sequence file, assuming seq_file is either a .csv or a .xlsx file.
Reading .csv file.
['0111212', '3111212', '3111212', '3111212', '2111212', '0111212', '1111212', '1011212', '1311212', '1311212', '1211212', '1311212', '1111212', '1131212', '1131212', '1121212', '1101212', '1111212', '1110212', '1113212', '1113212', '1110212', '1112212', '1113212', '1112212', '1111012', '1111312', '1111212', '1111212', '1111312', '1111212', '1111212', '1111312', '1111312', '1111212', '1111212', '1111212', '1111202', '1111232', '1111202', '1111222', '1111232', '1111213', '1111212', '1111212', '1111211', '1111212', '1111212', '1111213', '1111212', '1111212', '1111222', '1111222', '1111222', '1111232', '1111222', '1111212', '1112212', '1112212', '1112212', '1113212', '1121212', '1121212', '1121212', '1131212', '1121212', '1121212', '1211212', '1211212', '1211212', '1311212', '1211212', '1211212', '2111212', '2111212', '2111212', '3111212', '2111212', '2111212', '1211212', '1111212', '2111212', '3111212', '2111212', '1211212', '2211212', '3211212', '2211212', '1011212', '2011212', '3011212', '2011212', '1211212', '2211212', '3211212', '2211212', '3211212', '1121212', '2121212', '1111212', '2111212', '3111212', '2111212', '3111212', '1211212', '1211212', '1121212', '2121212', '3121212', '2121212', '1121212', '1221212', '1221212', '2101212', '1131212', '2131212', '3131212', '2131212', '1231212', '1231212', '1121212', '2121212', '3121212', '2121212', '3121212', '1121212', '1221212', '1021212', '1221212', '1131212', '2131212', '3131212', '2131212', '1231212', '1231212', '1112212', '2111212', '1111212', '2111212', '0111212', '3111212', '2111212', '3111212', '1211212', '1111212', '1211212', '1011212', '1211212', '1111212', '1121212', '1131212', '1121212', '1131212', '1112212', '2112212', '3112212', '2112212', '3112212', '1112212', '1212212', '1012212', '1212212', '1112212', '1122212', '1132212', '1122212', '1132212', '1110212', '2110212', '3110212', '2110212', '1210212', '1010212', '1110212', '1120212', '1120212', '1112212', '2112212', '0112212', '3112212', '2112212', '3112212', '1112212', '1212212', '1012212', '1212212', '1112212', '1122212', '1132212', '1122212', '1132212', '1111212', '2111212', '3111212', '2111212', '3111212', '1111212', '1211212', '1011212', '1211212', '1111212', '1121212', '1131212', '1121212', '1131212', '1111212', '1112212', '1110212', '1112212', '2111212', '1111212', '2111212', '3111212', '2111212', '3111212', '1211212', '1111212', '1211212', '1011212', '1211212', '1121212', '1111212', '1121212', '1131212', '1121212', '1131212', '1111212', '1112212', '1110212', '1112212', '2111312', '1111312', '2111312', '3111312', '2111312', '3111312', '1211312', '1111312', '1211312', '1011312', '1211312', '1111312', '1121312', '1131312', '1121312', '1131312', '1112312', '1111312', '1112312', '1110312', '1112312', '1211212', '1121212', '1112212', '1111212', '2111212', '2111212', '1211212', '1112212', '1112212', '2111222', '1111212', '2111212', '3111212', '2111212', '3111212', '1111212', '1211212', '1011212', '1211212', '1121212', '1111212', '1121212', '1131212', '1121212', '1131212', '1111212', '1112212', '1110212', '1112212', '1111212', '1111212', '1111312', '1111222', '2111222', '3111222', '2111222', '3111222', '1111222', '1211222', '1011222', '1211222', '1121222', '1111222', '1121222', '1131222', '1121222', '1111222', '1112222', '1112222', '1111222', '1111222', '1111322', '1111202', '2111202', '3111202', '2111202', '1111202', '1111202', '1112202', '1112202', '1111202', '1111302', '1121232', '1111222', '2111222', '3111222', '2111222', '3111222', '1111222', '1211222', '1011222', '1211222', '1111222', '1121222', '1131222', '1121222', '1111222', '1112222', '1112222', '1111222', '1111222', '1111322', '1111222', '1111211', '2111211', '3111211', '2111211', '1211211', '1121211', '1111211', '1112211', '1112211', '1111211', '1111211', '1111311', '1111211', '1111221', '1111201', '1111221', '1111212', '3111212', '2111212', '1112212', '1112212', '1111212', '1111222', '2111212', '1112212', '1111222', '1111213', '2111213', '3111213', '2111213', '3111213', '1211213', '1011213', '1211213', '1121213', '1131213', '1121213', '1131213', '1111213', '1112213', '1110213', '1112213', '1111213', '1111213', '1111313', '1111213', '1111223', '1111223', '1111213', '2111213', '3111213', '2111213', '3111213', '1211213', '1011213', '1211213', '1111213', '1121213', '1121213', '1131213', '1111213', '1112213', '1110213', '1112213', '1111213', '1111213', '1111313', '1111213', '1111223', '1111223', '1111212', '2111212', '3111212', '2111212', '3111212', '1111212', '1211212', '1011212', '1211212', '1111212', '1121212', '1131212', '1121212', '1131212', '1111212', '1112212', '1110212', '1112212', '1111212', '1111212', '1111312', '1111212', '1111222', '1111202', '1111222']

Phenotype Values (Fest):
[-1.17351649e-01  3.52500137e-01 -2.81801317e+00  1.21805256e-01
 -2.40434015e+00  1.33307939e-01  1.74793384e-02  5.50202523e-01
  4.81785233e-01 -2.66921717e+00  2.24923229e-01  1.47978104e-01
 -9.65864149e-02  2.25737735e-01  9.23658597e-02 -7.98616363e-01
  3.99092769e-01 -6.48132273e-02  1.19955271e-01  2.99554142e-01
 -1.00768141e+00  6.04092426e-01 -6.17956483e-02  5.18269401e-01
 -4.69500175e-01  2.23049199e-01  4.82350297e-01  1.05423171e+00
  1.97316048e-01  4.42392321e-01  4.31054878e-01  9.64504392e-01
  5.49729888e-01 -8.28497120e-02  3.13887118e-01 -3.04458353e+00
  7.42644052e-01  5.32519311e-01  1.69414449e+00  3.99576611e-01
 -1.62528095e+00  1.72353223e+00  5.05979770e-01  5.91260599e-01
 -2.32494997e+00 -2.87764235e+00 -1.97003896e+00  4.61437363e-01
 -1.92408557e-01  9.82336793e-01  2.89130285e-01  1.13987835e+00
  2.37794117e+00 -1.16470090e-03 -1.43313582e+00 -1.21781145e+00
  3.53420724e-01  2.27513668e-01  6.20171647e-01  2.48847008e-01
 -2.06062206e-01  1.69291749e-01  2.93543532e-01 -5.83773656e-01
  9.80538590e-02 -9.29543117e-01 -8.66126131e-01  1.93964150e-01
  3.68912549e-01 -8.89123938e-01  2.41401521e-01 -3.61268717e-01
 -2.43997310e+00  5.14630002e-02  3.70180591e-01 -1.70500266e+00
 -3.23957331e-01  6.65149628e-02  3.27002734e-01  2.40802153e-02
  8.72683591e-01 -4.20352414e-01 -4.04272506e-01 -1.00991157e+00
  3.80253841e-01  7.88120129e-01  6.19823736e-01 -7.16487700e-01
  6.81826320e-01  6.17679768e-01  4.95394152e-01 -2.97778644e+00
 -1.54535051e+00 -1.99256826e+00 -1.64815169e+00 -3.89302304e+00
 -2.24536025e+00 -1.28874970e+00 -4.65631134e+00 -7.77452673e-02
  2.11413603e-01 -7.11302127e-01 -2.16875747e+00 -3.50792695e+00
 -2.00755772e-01 -7.71331558e-01  2.60220813e-01  1.80908833e-01
  1.09644243e+00 -8.19704435e-01 -2.77099906e+00  1.07424476e+00
 -7.81722597e-01 -3.14929314e+00 -5.44410834e-01  1.05266563e+00
  1.83774725e-01 -1.03098644e+00  8.08358894e-01 -2.14119104e+00
 -5.61817931e-01 -4.30312894e-01 -9.73903108e-01 -1.91029605e+00
 -3.68443304e+00 -6.54192720e-01 -3.61164067e-01 -4.96673010e-01
 -2.06879102e+00  4.27037997e-01  5.15487535e-01 -3.04193846e-01
 -3.59115570e+00 -4.56905738e-01 -9.99510052e-01 -8.61590976e-01
  3.72511570e-01 -3.96168969e-01  6.87729384e-01  1.36327482e-02
  6.29315325e-01 -1.50904252e+00  5.46769155e-01  1.58602376e+00
 -5.04941767e-01  4.47420878e-01  5.27708540e-01 -9.54792991e-01
 -1.87767677e-02  4.32869387e-01  1.18135644e-01 -1.21931197e+00
 -7.90074830e-02  2.14115956e-01  9.28212866e-01  9.49357798e-01
 -1.19011529e+00 -9.91815402e-01  3.89544601e-02  6.66004720e-01
  1.16427163e+00 -1.27042621e+00 -3.20702298e-01  5.05326270e-01
  7.64630994e-01 -8.52889677e-01  1.60123645e-01  7.92570036e-03
  1.90697638e-01 -3.01687051e-01 -2.12621617e+00 -3.12897818e-01
 -1.10464365e+00 -1.38029066e+00 -1.36330754e+00 -2.15711031e+00
  1.39893539e-01  7.59089522e-01 -1.49684303e+00  3.55187494e-01
 -2.57229991e+00 -1.31435107e+00  5.89766978e-01  6.29704560e-01
 -2.62288839e-01 -7.02518351e-01 -4.49116874e-01  2.89810034e-01
  2.89239306e-01 -1.95565330e+00 -9.94221775e-01  6.66533777e-01
  8.70815255e-01  1.26950259e+00 -5.13724246e-01  1.04355602e+00
  7.52227145e-01  9.99947344e-01  5.04524996e-01 -5.04962357e-01
  8.89643736e-03  7.61948435e-01 -1.44090843e-01  6.73079377e-01
  8.49088144e-01  8.46539505e-01  1.24543165e+00  3.62823469e-01
  3.29354895e-01  3.07195434e-01  1.24247484e-01  6.19143369e-01
  5.72741537e-01 -1.05187033e+00 -3.93556802e-01 -1.52871066e+00
 -1.71979450e-01  1.33849851e-01  9.29476653e-01 -6.53591882e-01
 -5.01093310e-02  1.24460510e-01 -9.66166887e-02  1.71255015e+00
 -7.75188123e-02  9.68746696e-01  3.02681301e-01  9.55056156e-01
  8.41633697e-02  6.56259528e-01 -5.05321794e-01  3.77125374e-02
  4.23264678e-01  3.52300014e-01 -8.20144060e-01  1.14616481e-01
 -1.44000989e+00  6.04629148e-01 -2.00959917e-01  8.31428848e-01
 -3.10160126e-01  8.00632745e-02  1.12134611e-01  4.41572696e-01
 -8.99089978e-01  9.12184502e-02 -9.01701188e-01  3.34927953e-01
  4.74933754e-01 -4.30190801e-01  3.21996602e-01 -6.03761867e-01
 -1.15775735e-01  1.17816158e+00 -1.14105353e+00  7.49127515e-01
 -3.34788902e+00 -2.95338448e+00  8.63578526e-01 -3.06457097e+00
 -1.16769732e+00 -3.36952153e-01  5.28560632e-01  7.52781794e-01
 -7.24326221e-01  1.68547822e-01 -9.29362431e-02  7.07567505e-01
  6.33129609e-01 -5.02910460e-01  2.32041614e-01 -2.68539165e-01
  5.89431777e-01  2.05409151e-01 -6.67948135e-01 -2.30662043e-01
  1.99803331e-01  1.17689538e+00  2.93980936e-01  7.78898945e-01
  1.30916935e+00  3.64858493e-01  1.02568081e-01  2.40221328e+00
  2.52145904e+00  2.71551667e+00  2.19145427e+00  2.75300620e+00
  1.99095965e+00  2.38462338e+00  1.83580857e+00  1.73360025e+00
 -1.90479320e-01  1.99938874e+00  2.45592679e+00  2.36846609e+00
  2.09502708e+00  2.12906028e+00  2.68771862e+00  2.28517195e+00
  2.43041420e+00  2.11392234e+00  1.21753100e+00  1.36805834e-03
  1.26475183e+00  5.22707376e-01 -1.54745618e+00 -1.82080415e+00
  1.36342297e-01  7.22287206e-01 -4.63064059e-01  7.97053264e-01
 -1.14317828e+00  9.86743304e-01 -3.87795359e-01  2.69316384e-01
 -1.09107816e-01 -2.71565424e+00 -3.60098878e-01 -4.87689696e-01
 -7.02571742e-01 -1.01706407e-01 -2.89263734e+00 -1.28593051e+00
 -8.48496910e-01 -4.51421142e-01 -1.24374904e+00  5.06480077e-01
  5.43255344e-01 -1.39123391e+00 -3.72822938e-01 -5.34511667e-01
  8.77067047e-01 -5.42308467e-01 -2.90267009e+00 -2.41662191e+00
 -2.31441059e+00 -3.63824488e+00 -3.46155635e+00 -4.66420488e+00
 -3.09891643e+00 -2.24137040e+00 -2.93247550e+00 -2.08186378e+00
 -3.34114997e+00 -3.00232701e+00 -2.59927223e+00 -9.16758147e-01
 -3.84244032e+00 -3.67783583e+00 -2.29561951e+00 -4.61022372e+00
 -5.15554624e+00 -4.92124998e+00 -2.57152956e+00 -2.48157063e+00
 -3.26160155e+00 -4.76264495e+00 -3.95366595e+00 -5.57241851e-01
 -4.58252292e-01  3.33234425e-01 -3.53977775e-02 -1.82952773e+00
 -1.15030557e+00  2.43987395e-01  7.02053210e-01 -9.02217136e-01
  4.65859666e-01 -6.76063996e-01 -7.02165707e-01 -4.68221096e-01
  1.74314359e-01  8.50804727e-01  5.42481931e-01 -1.91793234e-01
  4.78411953e-01 -7.43616879e-01 -3.36138262e-01 -5.30353100e-03
  1.87464584e+00 -1.49243356e+00  2.71292298e-01  1.08536263e+00
  7.47521635e-01 -1.21707348e+00 -4.26094365e-01  1.79497015e+00
  1.10276717e+00 -6.22835370e-01  2.85860618e-01  1.19658987e+00
 -8.76121967e-01  9.77888023e-01  6.44421466e-01  1.05984653e+00
 -1.98296759e-01  4.19981166e-01  9.57496538e-01  8.57007861e-01
 -5.46622812e-01  7.80107125e-01  1.82464346e+00 -8.53118942e-01
  8.75027003e-01  7.72848724e-01  8.60885439e-01 -1.46705818e+00
  4.42659831e-01 -7.15522796e-01  9.06012339e-01  6.41120840e-01
 -9.54558705e-01 -4.26427852e-01  6.02726493e-01  1.23946604e-01
 -9.48918986e-02  1.15067132e-01  8.34837936e-01  1.66408672e+00
  8.37316388e-01  1.52924938e-01  1.41420713e+00  8.67494807e-01
  9.66267999e-01  1.02659643e+00  2.91682360e+00  5.96885311e-02
  9.77824127e-02]
Will be computing 429 sequences with 7 sites, and each vector will be 4-dimensional.

rf1d form of alphabet input:
0,1,2,z
"z" is 3
computed mean
computed variance
computed covariance
saved covariance histogram as /hpc/projects/data_lg/olivia.yoo/ortho_seqs/amyloid_beta/server_ortho_seq_results/gk_alberts_second0/cov_hist_amyloid_gk_nostop.png
Saved covariance data frame as /hpc/projects/data_lg/olivia.yoo/ortho_seqs/amyloid_beta/server_ortho_seq_results/gk_alberts_second0/cov_data_frame_amyloid_gk_nostop.csv
computed reg11
computed Pa: first order orthogonalized within each vector
computed P1i1
computed varP1i1
computed cov11i1
computed reg11i1
computed Pa1i1
computed P1D
computed varP1D
computed phi2 and phi2m
computed Q2
computed cov2w1
computed cov2w1a,cov2w1b
computed r2on1a, r2on1b
computed P2
computed P2a
computed cov2w2
computed var2
computed reg2on2
computed P2i2, P2i2a
computed cov2w2i2, var2i2
computed reg2on2i2
computed P2D, P2Da
computed var2D
Saving to /hpc/projects/data_lg/olivia.yoo/ortho_seqs/amyloid_beta/server_ortho_seq_results/gk_alberts_second0/amyloid_gk_nostop.npz
Saving to /hpc/projects/data_lg/olivia.yoo/ortho_seqs/amyloid_beta/server_ortho_seq_results/gk_alberts_second0/amyloid_gk_nostop_covs_with_F.npz
Regression of trait on site 1
[[-0.1397241878  0.4947775121 -0.7250661609 -0.0231112251]
 [ 0.584505305   0.0848802161 -0.3086072609 -0.2232021171]
 [-1.1520790839  0.1231855961 -0.3172818746  0.2637931094]
 [-0.1287432512 -0.0352338976  0.0757577463  0.1306300776]
 [ 0.452496067   0.           -0.198956094   0.1896473849]
 [-0.0873623517 -0.6669601668  0.7833213845  0.9803539789]
 [ 0.           -2.8253174961  0.5463905651  0.4080968381]]
Regression on 1st order polynomial - orthogonalized within - rFon1D
[[-0.093583018   0.467364599  -0.6813884223 -0.0211651395]
 [ 0.5101070414  0.0930205372 -0.2970652994 -0.1773842735]
 [-1.1079219656  0.1532935776 -0.3429811081  0.2387159625]
 [-0.1204715289 -0.0950970133  0.1437111217  0.1778183818]
 [ 0.3706839716  0.           -0.1848767489  0.1776518738]
 [ 0.            0.            0.            0.          ]
 [ 0.            0.            0.            0.          ]]
Regression of trait on site 2 independent of 1
[0. 0. 0. 0.]
computed rFon1
computed rFon1D
Regression of trait on site 2
[[[[ 0.0000000000e+00  0.0000000000e+00  0.0000000000e+00
     0.0000000000e+00]
   [ 0.0000000000e+00  0.0000000000e+00  0.0000000000e+00
     0.0000000000e+00]
   [ 0.0000000000e+00  0.0000000000e+00  0.0000000000e+00
     0.0000000000e+00]
   [ 0.0000000000e+00  0.0000000000e+00  0.0000000000e+00
     0.0000000000e+00]]

  [[ 0.0000000000e+00  0.0000000000e+00  0.0000000000e+00
     0.0000000000e+00]
   [ 6.5395039916e-01 -4.7827483855e-01  3.5808911256e-01
    -7.4446241089e+01]
   [-9.3888934124e-01  5.2927292139e-01 -2.9309800703e-01
     0.0000000000e+00]
   [ 2.8039525300e-01  3.5477265004e-01 -5.6152094863e-01
     0.0000000000e+00]]

  [[ 0.0000000000e+00  0.0000000000e+00  0.0000000000e+00
     0.0000000000e+00]
   [ 4.6283748087e-01  9.7716034817e-02 -3.2559112688e-01
     2.5809447759e-01]
   [-2.3489674436e+00  6.4879601295e-01 -7.4880031518e-01
     7.8810869214e-02]
   [ 0.0000000000e+00  5.6602351631e-01 -1.0222669576e+00
     1.8327170988e-01]]

  [[ 0.0000000000e+00  1.5067060380e+00 -1.5067060380e+00
     0.0000000000e+00]
   [-2.2988774969e-01  9.7831155197e-02 -4.4736604863e-02
    -3.7649167627e-02]
   [-1.3466274090e-01 -1.8653874939e-01  3.3999263329e-01
     0.0000000000e+00]
   [-6.8138050319e-02  2.8851997729e-02 -1.6838368727e-02
     0.0000000000e+00]]

  [[ 0.0000000000e+00  0.0000000000e+00  0.0000000000e+00
     0.0000000000e+00]
   [ 2.8609844266e-01  0.0000000000e+00 -4.9977077501e-02
     4.0352252406e-02]
   [ 0.0000000000e+00  0.0000000000e+00 -5.6323294249e-01
     5.6323294249e-01]
   [ 0.0000000000e+00  0.0000000000e+00 -4.9100253009e-01
     4.9100253009e-01]]

  [[ 0.0000000000e+00  0.0000000000e+00  0.0000000000e+00
     0.0000000000e+00]
   [-3.7433903876e-01 -4.4922960700e-01  5.7155022588e-01
     8.1761372993e-01]
   [ 7.1863679841e-01 -1.0722070451e+00  1.1475295439e+00
     0.0000000000e+00]
   [ 7.7553388867e-01 -1.5122857717e+00  1.6343076510e+00
     0.0000000000e+00]]

  [[ 0.0000000000e+00  0.0000000000e+00  0.0000000000e+00
     0.0000000000e+00]
   [ 0.0000000000e+00 -3.0369219574e+00  6.6841460165e-01
     3.4860225646e-01]
   [ 0.0000000000e+00 -2.2613615638e+00  4.8941050505e-01
     4.5928926077e-01]
   [ 0.0000000000e+00 -2.1279268014e+00  4.5230636148e-01
     2.0951864531e-02]]]


 [[[ 0.0000000000e+00  6.5395039916e-01 -9.3888934124e-01
     2.8039525300e-01]
   [ 0.0000000000e+00 -4.7827483855e-01  5.2927292139e-01
     3.5477265004e-01]
   [ 0.0000000000e+00  3.5808911256e-01 -2.9309800703e-01
    -5.6152094863e-01]
   [ 0.0000000000e+00 -7.4446241089e+01  0.0000000000e+00
     0.0000000000e+00]]

  [[ 0.0000000000e+00  0.0000000000e+00  0.0000000000e+00
     0.0000000000e+00]
   [ 0.0000000000e+00  0.0000000000e+00  0.0000000000e+00
     0.0000000000e+00]
   [ 0.0000000000e+00  0.0000000000e+00  0.0000000000e+00
     0.0000000000e+00]
   [ 0.0000000000e+00  0.0000000000e+00  0.0000000000e+00
     0.0000000000e+00]]

  [[ 0.0000000000e+00  1.1762422436e+00 -9.5669726009e-01
     0.0000000000e+00]
   [-9.3496217156e-01  1.8635573182e-01 -4.2062614895e-01
     3.0091994710e-01]
   [ 0.0000000000e+00  1.5823089246e-01 -1.1798166239e-01
    -2.9335705490e-01]
   [ 0.0000000000e+00 -7.4446241089e+01  0.0000000000e+00
     0.0000000000e+00]]

  [[-1.5986956060e+00  6.5150595097e-01  4.6616359016e-02
     0.0000000000e+00]
   [-1.4442681105e-01  1.0002629823e-01 -6.3778889038e-02
    -3.7649167627e-02]
   [ 1.1385124698e-01 -3.4426740679e-01  2.7489473892e-01
     0.0000000000e+00]
   [ 0.0000000000e+00 -7.4446241089e+01  0.0000000000e+00
     0.0000000000e+00]]

  [[ 0.0000000000e+00  0.0000000000e+00 -2.0953845069e-01
     4.4573755098e-01]
   [ 2.8609844266e-01  0.0000000000e+00 -1.3055079823e-01
     1.4486344796e-01]
   [ 0.0000000000e+00  0.0000000000e+00  8.2580688292e-02
    -2.3830259555e-01]
   [ 0.0000000000e+00  0.0000000000e+00 -7.4446241089e+01
     0.0000000000e+00]]

  [[ 0.0000000000e+00 -3.8566247499e-01  5.1201040716e-01
     0.0000000000e+00]
   [-1.3338728377e-01 -5.8570269566e-01  7.2550739953e-01
     8.1761372993e-01]
   [ 0.0000000000e+00 -7.1306777434e-01  5.9783035952e-01
     0.0000000000e+00]
   [ 0.0000000000e+00 -7.4446241089e+01  0.0000000000e+00
     0.0000000000e+00]]

  [[ 0.0000000000e+00  0.0000000000e+00 -4.2495143321e-01
     5.5156223009e-01]
   [ 0.0000000000e+00 -2.8790783209e+00  7.3213970184e-01
     2.9000153935e-01]
   [ 0.0000000000e+00 -3.0915663053e+00  8.3807404088e-02
     5.9537938363e-01]
   [ 0.0000000000e+00  0.0000000000e+00 -7.4446241089e+01
     0.0000000000e+00]]]


 [[[ 0.0000000000e+00  4.6283748087e-01 -2.3489674436e+00
     0.0000000000e+00]
   [ 0.0000000000e+00  9.7716034817e-02  6.4879601295e-01
     5.6602351631e-01]
   [ 0.0000000000e+00 -3.2559112688e-01 -7.4880031518e-01
    -1.0222669576e+00]
   [ 0.0000000000e+00  2.5809447759e-01  7.8810869214e-02
     1.8327170988e-01]]

  [[ 0.0000000000e+00 -9.3496217156e-01  0.0000000000e+00
     0.0000000000e+00]
   [ 1.1762422436e+00  1.8635573182e-01  1.5823089246e-01
    -7.4446241089e+01]
   [-9.5669726009e-01 -4.2062614895e-01 -1.1798166239e-01
     0.0000000000e+00]
   [ 0.0000000000e+00  3.0091994710e-01 -2.9335705490e-01
     0.0000000000e+00]]

  [[ 0.0000000000e+00  0.0000000000e+00  0.0000000000e+00
     0.0000000000e+00]
   [ 0.0000000000e+00  0.0000000000e+00  0.0000000000e+00
     0.0000000000e+00]
   [ 0.0000000000e+00  0.0000000000e+00  0.0000000000e+00
     0.0000000000e+00]
   [ 0.0000000000e+00  0.0000000000e+00  0.0000000000e+00
     0.0000000000e+00]]

  [[ 0.0000000000e+00 -9.3496217156e-01  0.0000000000e+00
     0.0000000000e+00]
   [-1.3325791568e-02  1.5515534969e-01 -1.3049035030e-02
    -3.7649167627e-02]
   [-1.7117569996e+00 -3.2776478187e-01 -4.4848740888e-01
     0.0000000000e+00]
   [ 0.0000000000e+00  2.4310000517e-01  1.1873538336e-01
     0.0000000000e+00]]

  [[ 0.0000000000e+00  0.0000000000e+00 -9.3496217156e-01
     0.0000000000e+00]
   [ 2.8609844266e-01  0.0000000000e+00  1.1678240765e-01
     1.3312008161e-01]
   [ 0.0000000000e+00  0.0000000000e+00 -4.0581442852e-01
    -3.3418426509e-01]
   [ 0.0000000000e+00  0.0000000000e+00  2.2425543872e-01
     3.3092338567e-01]]

  [[ 0.0000000000e+00 -9.3496217156e-01  0.0000000000e+00
     0.0000000000e+00]
   [-1.3338728377e-01 -1.7276586507e-01  6.8176962543e-01
     7.3207927024e-01]
   [ 0.0000000000e+00 -5.3017506861e-01  5.2591657093e-01
     1.0528095545e+00]
   [ 0.0000000000e+00  1.7958591200e-01  1.0285405324e+00
     0.0000000000e+00]]

  [[ 0.0000000000e+00  0.0000000000e+00 -9.3496217156e-01
     0.0000000000e+00]
   [ 0.0000000000e+00 -2.7619236047e+00  4.6651793593e-01
     3.7008638205e-01]
   [ 0.0000000000e+00 -4.6204629411e+00 -3.4281174635e-01
     8.4290645341e-02]
   [ 0.0000000000e+00  0.0000000000e+00  2.5137473483e-01
     6.5349018474e-03]]]


 [[[ 0.0000000000e+00 -2.2988774969e-01 -1.3466274090e-01
    -6.8138050319e-02]
   [ 1.5067060380e+00  9.7831155197e-02 -1.8653874939e-01
     2.8851997729e-02]
   [-1.5067060380e+00 -4.4736604863e-02  3.3999263329e-01
    -1.6838368727e-02]
   [ 0.0000000000e+00 -3.7649167627e-02  0.0000000000e+00
     0.0000000000e+00]]

  [[-1.5986956060e+00 -1.4442681105e-01  1.1385124698e-01
     0.0000000000e+00]
   [ 6.5150595097e-01  1.0002629823e-01 -3.4426740679e-01
    -7.4446241089e+01]
   [ 4.6616359016e-02 -6.3778889038e-02  2.7489473892e-01
     0.0000000000e+00]
   [ 0.0000000000e+00 -3.7649167627e-02  0.0000000000e+00
     0.0000000000e+00]]

  [[ 0.0000000000e+00 -1.3325791568e-02 -1.7117569996e+00
     0.0000000000e+00]
   [-9.3496217156e-01  1.5515534969e-01 -3.2776478187e-01
     2.4310000517e-01]
   [ 0.0000000000e+00 -1.3049035030e-02 -4.4848740888e-01
     1.1873538336e-01]
   [ 0.0000000000e+00 -3.7649167627e-02  0.0000000000e+00
     0.0000000000e+00]]

  [[ 0.0000000000e+00  0.0000000000e+00  0.0000000000e+00
     0.0000000000e+00]
   [ 0.0000000000e+00  0.0000000000e+00  0.0000000000e+00
     0.0000000000e+00]
   [ 0.0000000000e+00  0.0000000000e+00  0.0000000000e+00
     0.0000000000e+00]
   [ 0.0000000000e+00  0.0000000000e+00  0.0000000000e+00
     0.0000000000e+00]]

  [[ 0.0000000000e+00  0.0000000000e+00 -1.9898110767e-01
    -3.6972221027e-01]
   [ 2.8609844266e-01  0.0000000000e+00  1.9002135568e-02
     1.4356205634e-01]
   [ 0.0000000000e+00  0.0000000000e+00 -3.9293176071e-02
     2.7322376865e-02]
   [ 0.0000000000e+00  0.0000000000e+00 -3.7649167627e-02
     0.0000000000e+00]]

  [[ 0.0000000000e+00 -2.1003873613e-01  0.0000000000e+00
     0.0000000000e+00]
   [-1.8765736287e-01 -2.7446827191e-01  6.5501476237e-01
     8.1761372993e-01]
   [ 1.9305435693e-01 -1.3618379299e-01  1.1106327986e+00
     0.0000000000e+00]
   [ 0.0000000000e+00 -3.7649167627e-02  0.0000000000e+00
     0.0000000000e+00]]

  [[ 0.0000000000e+00  0.0000000000e+00 -2.6524722451e-01
     2.3587234738e-01]
   [ 0.0000000000e+00 -2.9047931200e+00  4.1362101916e-01
     2.9256882292e-01]
   [ 0.0000000000e+00 -2.5450288703e+00  1.5149252227e-02
     6.0617442505e-01]
   [ 0.0000000000e+00  0.0000000000e+00 -3.7649167627e-02
     0.0000000000e+00]]]


 [[[ 0.0000000000e+00  2.8609844266e-01  0.0000000000e+00
     0.0000000000e+00]
   [ 0.0000000000e+00  0.0000000000e+00  0.0000000000e+00
     0.0000000000e+00]
   [ 0.0000000000e+00 -4.9977077501e-02 -5.6323294249e-01
    -4.9100253009e-01]
   [ 0.0000000000e+00  4.0352252406e-02  5.6323294249e-01
     4.9100253009e-01]]

  [[ 0.0000000000e+00  2.8609844266e-01  0.0000000000e+00
     0.0000000000e+00]
   [ 0.0000000000e+00  0.0000000000e+00  0.0000000000e+00
     0.0000000000e+00]
   [-2.0953845069e-01 -1.3055079823e-01  8.2580688292e-02
    -7.4446241089e+01]
   [ 4.4573755098e-01  1.4486344796e-01 -2.3830259555e-01
     0.0000000000e+00]]

  [[ 0.0000000000e+00  2.8609844266e-01  0.0000000000e+00
     0.0000000000e+00]
   [ 0.0000000000e+00  0.0000000000e+00  0.0000000000e+00
     0.0000000000e+00]
   [-9.3496217156e-01  1.1678240765e-01 -4.0581442852e-01
     2.2425543872e-01]
   [ 0.0000000000e+00  1.3312008161e-01 -3.3418426509e-01
     3.3092338567e-01]]

  [[ 0.0000000000e+00  2.8609844266e-01  0.0000000000e+00
     0.0000000000e+00]
   [ 0.0000000000e+00  0.0000000000e+00  0.0000000000e+00
     0.0000000000e+00]
   [-1.9898110767e-01  1.9002135568e-02 -3.9293176071e-02
    -3.7649167627e-02]
   [-3.6972221027e-01  1.4356205634e-01  2.7322376865e-02
     0.0000000000e+00]]

  [[ 0.0000000000e+00  0.0000000000e+00  0.0000000000e+00
     0.0000000000e+00]
   [ 0.0000000000e+00  0.0000000000e+00  0.0000000000e+00
     0.0000000000e+00]
   [ 0.0000000000e+00  0.0000000000e+00  0.0000000000e+00
     0.0000000000e+00]
   [ 0.0000000000e+00  0.0000000000e+00  0.0000000000e+00
     0.0000000000e+00]]

  [[ 0.0000000000e+00  2.8609844266e-01  0.0000000000e+00
     0.0000000000e+00]
   [ 0.0000000000e+00  0.0000000000e+00  0.0000000000e+00
     0.0000000000e+00]
   [-5.6667680589e-02 -5.0135472472e-01  6.8192076296e-01
     8.1761372993e-01]
   [-1.0855263794e+00  8.7871605548e-02  1.1180212925e+00
     0.0000000000e+00]]

  [[ 0.0000000000e+00  0.0000000000e+00  2.8609844266e-01
     0.0000000000e+00]
   [ 0.0000000000e+00  0.0000000000e+00  0.0000000000e+00
     0.0000000000e+00]
   [ 0.0000000000e+00 -2.8705160311e+00  3.6284732821e-01
     3.6187981578e-01]
   [ 0.0000000000e+00 -2.9520197488e+00  2.6232734187e-01
    -3.8246710420e-01]]]


 [[[ 0.0000000000e+00 -3.7433903876e-01  7.1863679841e-01
     7.7553388867e-01]
   [ 0.0000000000e+00 -4.4922960700e-01 -1.0722070451e+00
    -1.5122857717e+00]
   [ 0.0000000000e+00  5.7155022588e-01  1.1475295439e+00
     1.6343076510e+00]
   [ 0.0000000000e+00  8.1761372993e-01  0.0000000000e+00
     0.0000000000e+00]]

  [[ 0.0000000000e+00 -1.3338728377e-01  0.0000000000e+00
     0.0000000000e+00]
   [-3.8566247499e-01 -5.8570269566e-01 -7.1306777434e-01
    -7.4446241089e+01]
   [ 5.1201040716e-01  7.2550739953e-01  5.9783035952e-01
     0.0000000000e+00]
   [ 0.0000000000e+00  8.1761372993e-01  0.0000000000e+00
     0.0000000000e+00]]

  [[ 0.0000000000e+00 -1.3338728377e-01  0.0000000000e+00
     0.0000000000e+00]
   [-9.3496217156e-01 -1.7276586507e-01 -5.3017506861e-01
     1.7958591200e-01]
   [ 0.0000000000e+00  6.8176962543e-01  5.2591657093e-01
     1.0285405324e+00]
   [ 0.0000000000e+00  7.3207927024e-01  1.0528095545e+00
     0.0000000000e+00]]

  [[ 0.0000000000e+00 -1.8765736287e-01  1.9305435693e-01
     0.0000000000e+00]
   [-2.1003873613e-01 -2.7446827191e-01 -1.3618379299e-01
    -3.7649167627e-02]
   [ 0.0000000000e+00  6.5501476237e-01  1.1106327986e+00
     0.0000000000e+00]
   [ 0.0000000000e+00  8.1761372993e-01  0.0000000000e+00
     0.0000000000e+00]]

  [[ 0.0000000000e+00  0.0000000000e+00 -5.6667680589e-02
    -1.0855263794e+00]
   [ 2.8609844266e-01  0.0000000000e+00 -5.0135472472e-01
     8.7871605548e-02]
   [ 0.0000000000e+00  0.0000000000e+00  6.8192076296e-01
     1.1180212925e+00]
   [ 0.0000000000e+00  0.0000000000e+00  8.1761372993e-01
     0.0000000000e+00]]

  [[ 0.0000000000e+00  0.0000000000e+00  0.0000000000e+00
     0.0000000000e+00]
   [ 0.0000000000e+00  0.0000000000e+00  0.0000000000e+00
     0.0000000000e+00]
   [ 0.0000000000e+00  0.0000000000e+00  0.0000000000e+00
     0.0000000000e+00]
   [ 0.0000000000e+00  0.0000000000e+00  0.0000000000e+00
     0.0000000000e+00]]

  [[ 0.0000000000e+00 -3.7954519665e+00  1.5924196128e-01
     0.0000000000e+00]
   [ 0.0000000000e+00 -2.8644261306e+00 -9.8678986150e-02
     3.1378844852e-01]
   [ 0.0000000000e+00 -2.2531054700e+00  8.4206456667e-01
     4.0676004758e-01]
   [ 0.0000000000e+00  0.0000000000e+00  8.1761372993e-01
     0.0000000000e+00]]]


 [[[ 0.0000000000e+00  0.0000000000e+00  0.0000000000e+00
     0.0000000000e+00]
   [ 0.0000000000e+00 -3.0369219574e+00 -2.2613615638e+00
    -2.1279268014e+00]
   [ 0.0000000000e+00  6.6841460165e-01  4.8941050505e-01
     4.5230636148e-01]
   [ 0.0000000000e+00  3.4860225646e-01  4.5928926077e-01
     2.0951864531e-02]]

  [[ 0.0000000000e+00  0.0000000000e+00  0.0000000000e+00
     0.0000000000e+00]
   [ 0.0000000000e+00 -2.8790783209e+00 -3.0915663053e+00
     0.0000000000e+00]
   [-4.2495143321e-01  7.3213970184e-01  8.3807404088e-02
    -7.4446241089e+01]
   [ 5.5156223009e-01  2.9000153935e-01  5.9537938363e-01
     0.0000000000e+00]]

  [[ 0.0000000000e+00  0.0000000000e+00  0.0000000000e+00
     0.0000000000e+00]
   [ 0.0000000000e+00 -2.7619236047e+00 -4.6204629411e+00
     0.0000000000e+00]
   [-9.3496217156e-01  4.6651793593e-01 -3.4281174635e-01
     2.5137473483e-01]
   [ 0.0000000000e+00  3.7008638205e-01  8.4290645341e-02
     6.5349018474e-03]]

  [[ 0.0000000000e+00  0.0000000000e+00  0.0000000000e+00
     0.0000000000e+00]
   [ 0.0000000000e+00 -2.9047931200e+00 -2.5450288703e+00
     0.0000000000e+00]
   [-2.6524722451e-01  4.1362101916e-01  1.5149252227e-02
    -3.7649167627e-02]
   [ 2.3587234738e-01  2.9256882292e-01  6.0617442505e-01
     0.0000000000e+00]]

  [[ 0.0000000000e+00  0.0000000000e+00  0.0000000000e+00
     0.0000000000e+00]
   [ 0.0000000000e+00  0.0000000000e+00 -2.8705160311e+00
    -2.9520197488e+00]
   [ 2.8609844266e-01  0.0000000000e+00  3.6284732821e-01
     2.6232734187e-01]
   [ 0.0000000000e+00  0.0000000000e+00  3.6187981578e-01
    -3.8246710420e-01]]

  [[ 0.0000000000e+00  0.0000000000e+00  0.0000000000e+00
     0.0000000000e+00]
   [-3.7954519665e+00 -2.8644261306e+00 -2.2531054700e+00
     0.0000000000e+00]
   [ 1.5924196128e-01 -9.8678986150e-02  8.4206456667e-01
     8.1761372993e-01]
   [ 0.0000000000e+00  3.1378844852e-01  4.0676004758e-01
     0.0000000000e+00]]

  [[ 0.0000000000e+00  0.0000000000e+00  0.0000000000e+00
     0.0000000000e+00]
   [ 0.0000000000e+00  0.0000000000e+00  0.0000000000e+00
     0.0000000000e+00]
   [ 0.0000000000e+00  0.0000000000e+00  0.0000000000e+00
     0.0000000000e+00]
   [ 0.0000000000e+00  0.0000000000e+00  0.0000000000e+00
     0.0000000000e+00]]]]
Regression on 2nd order polynomial - orthogonalized within - rFon2D
[[[[  0.             0.             0.             0.          ]
   [  0.             0.             0.             0.          ]
   [  0.             0.             0.             0.          ]
   [  0.             0.             0.             0.          ]]

  [[  0.             0.             0.             0.          ]
   [  0.             0.             0.             0.          ]
   [  0.             0.             0.             0.          ]
   [  0.             0.             0.             0.          ]]

  [[  0.             0.             0.             0.          ]
   [  0.             0.             0.             0.          ]
   [  0.             0.             0.             0.          ]
   [  0.             0.             0.             0.          ]]

  [[  0.            -0.4694065946   0.4694065946   0.          ]
   [  0.             0.             0.             0.          ]
   [  0.             0.             0.             0.          ]
   [  0.             0.             0.             0.          ]]

  [[  0.             0.             0.             0.          ]
   [  0.             0.             0.             0.          ]
   [  0.             0.             0.             0.          ]
   [  0.             0.             0.             0.          ]]

  [[  0.             0.             0.             0.          ]
   [  0.             0.             0.             0.          ]
   [  0.             0.             0.             0.          ]
   [  0.             0.             0.             0.          ]]

  [[  0.             0.             0.             0.          ]
   [  0.             0.             0.             0.          ]
   [  0.             0.             0.             0.          ]
   [  0.             0.             0.             0.          ]]]


 [[[  0.             0.             0.             0.          ]
   [  0.             0.             0.             0.          ]
   [  0.             0.             0.             0.          ]
   [  0.             0.             0.             0.          ]]

  [[  0.             0.             0.             0.          ]
   [  0.             0.             0.             0.          ]
   [  0.             0.             0.             0.          ]
   [  0.             0.             0.             0.          ]]

  [[  0.             0.             0.             0.          ]
   [  0.             0.             0.             0.          ]
   [  0.             0.             0.             0.          ]
   [  0.             0.             0.             0.          ]]

  [[  0.             0.             0.             0.          ]
   [  0.            -0.4694065946   0.4694065946   0.          ]
   [  0.             0.             0.             0.          ]
   [  0.             0.             0.             0.          ]]

  [[  0.             0.             0.             0.          ]
   [  0.             0.             0.             0.          ]
   [  0.             0.             0.             0.          ]
   [  0.             0.             0.             0.          ]]

  [[  0.             0.             0.             0.          ]
   [  0.             0.             0.             0.          ]
   [  0.             0.             0.             0.          ]
   [  0.             0.             0.             0.          ]]

  [[  0.             0.             0.             0.          ]
   [  0.             0.             0.             0.          ]
   [  0.             0.             0.             0.          ]
   [  0.             0.             0.             0.          ]]]


 [[[  0.             0.             0.             0.          ]
   [  0.             0.             0.             0.          ]
   [  0.             0.             0.             0.          ]
   [  0.             0.             0.             0.          ]]

  [[  0.             0.             0.             0.          ]
   [  0.             0.             0.             0.          ]
   [  0.             0.             0.             0.          ]
   [  0.             0.             0.             0.          ]]

  [[  0.             0.             0.             0.          ]
   [  0.             0.             0.             0.          ]
   [  0.             0.             0.             0.          ]
   [  0.             0.             0.             0.          ]]

  [[  0.             0.             0.             0.          ]
   [  0.            -0.4694065946   0.4694065946   0.          ]
   [  0.             0.             0.             0.          ]
   [  0.             0.             0.             0.          ]]

  [[  0.             0.             0.             0.          ]
   [  0.             0.             0.             0.          ]
   [  0.             0.             0.             0.          ]
   [  0.             0.             0.             0.          ]]

  [[  0.             0.             0.             0.          ]
   [  0.             0.             0.             0.          ]
   [  0.             0.             0.             0.          ]
   [  0.             0.             0.             0.          ]]

  [[  0.             0.             0.             0.          ]
   [  0.             0.             0.             0.          ]
   [  0.             0.             0.             0.          ]
   [  0.             0.             0.             0.          ]]]


 [[[  0.             0.             0.             0.          ]
   [ -0.4694065946   0.             0.             0.          ]
   [  0.4694065946   0.             0.             0.          ]
   [  0.             0.             0.             0.          ]]

  [[  0.             0.             0.             0.          ]
   [  0.            -0.4694065946   0.             0.          ]
   [  0.             0.4694065946   0.             0.          ]
   [  0.             0.             0.             0.          ]]

  [[  0.             0.             0.             0.          ]
   [  0.            -0.4694065946   0.             0.          ]
   [  0.             0.4694065946   0.             0.          ]
   [  0.             0.             0.             0.          ]]

  [[  0.             0.             0.             0.          ]
   [  0.             0.             0.             0.          ]
   [  0.             0.             0.             0.          ]
   [  0.             0.             0.             0.          ]]

  [[  0.             0.             0.             0.          ]
   [  0.             0.            -0.4694065946   0.          ]
   [  0.             0.             0.4694065946   0.          ]
   [  0.             0.             0.             0.          ]]

  [[  0.             0.             0.             0.          ]
   [  0.            -0.4694065946   0.             0.          ]
   [  0.             0.4694065946   0.             0.          ]
   [  0.             0.             0.             0.          ]]

  [[  0.             0.             0.             0.          ]
   [  0.             0.            -0.4694065946   0.          ]
   [  0.             0.             0.4694065946   0.          ]
   [  0.             0.             0.             0.          ]]]


 [[[  0.             0.             0.             0.          ]
   [  0.             0.             0.             0.          ]
   [  0.             0.             0.             0.          ]
   [  0.             0.             0.             0.          ]]

  [[  0.             0.             0.             0.          ]
   [  0.             0.             0.             0.          ]
   [  0.             0.             0.             0.          ]
   [  0.             0.             0.             0.          ]]

  [[  0.             0.             0.             0.          ]
   [  0.             0.             0.             0.          ]
   [  0.             0.             0.             0.          ]
   [  0.             0.             0.             0.          ]]

  [[  0.             0.             0.             0.          ]
   [  0.             0.             0.             0.          ]
   [  0.            -0.4694065946   0.4694065946   0.          ]
   [  0.             0.             0.             0.          ]]

  [[  0.             0.             0.             0.          ]
   [  0.             0.             0.             0.          ]
   [  0.             0.             0.             0.          ]
   [  0.             0.             0.             0.          ]]

  [[  0.             0.             0.             0.          ]
   [  0.             0.             0.             0.          ]
   [  0.             0.             0.             0.          ]
   [  0.             0.             0.             0.          ]]

  [[  0.             0.           139.6469298238   0.          ]
   [  0.             0.             0.             0.          ]
   [  0.            -4.1507019039   1.2114296432  -1.4856525187]
   [  0.           -70.0154084046   8.0356258037 -34.7619152228]]]


 [[[  0.             0.             0.             0.          ]
   [  0.             0.             0.             0.          ]
   [  0.             0.             0.             0.          ]
   [  0.             0.             0.             0.          ]]

  [[  0.             0.             0.             0.          ]
   [  0.             0.             0.             0.          ]
   [  0.             0.             0.             0.          ]
   [  0.             0.             0.             0.          ]]

  [[  0.             0.             0.             0.          ]
   [  0.             0.             0.             0.          ]
   [  0.             0.             0.             0.          ]
   [  0.             0.             0.             0.          ]]

  [[  0.             0.             0.             0.          ]
   [  0.            -0.4694065946   0.4694065946   0.          ]
   [  0.             0.             0.             0.          ]
   [  0.             0.             0.             0.          ]]

  [[  0.             0.             0.             0.          ]
   [  0.             0.             0.             0.          ]
   [  0.             0.             0.             0.          ]
   [  0.             0.             0.             0.          ]]

  [[  0.             0.             0.             0.          ]
   [  0.             0.             0.             0.          ]
   [  0.             0.             0.             0.          ]
   [  0.             0.             0.             0.          ]]

  [[  0.           -68.6483068281  17.0618576204   0.          ]
   [  0.            -4.7484205901   1.6080973774  -1.5585378951]
   [  0.           -34.324153414    4.0437988137 -17.0223164565]
   [  0.             0.            37.1534749438   0.          ]]]


 [[[  0.             0.             0.             0.          ]
   [  0.             0.             0.             0.          ]
   [  0.             0.             0.             0.          ]
   [  0.             0.             0.             0.          ]]

  [[  0.             0.             0.             0.          ]
   [  0.             0.             0.             0.          ]
   [  0.             0.             0.             0.          ]
   [  0.             0.             0.             0.          ]]

  [[  0.             0.             0.             0.          ]
   [  0.             0.             0.             0.          ]
   [  0.             0.             0.             0.          ]
   [  0.             0.             0.             0.          ]]

  [[  0.             0.             0.             0.          ]
   [  0.             0.             0.             0.          ]
   [  0.            -0.4694065946   0.4694065946   0.          ]
   [  0.             0.             0.             0.          ]]

  [[  0.             0.             0.             0.          ]
   [  0.             0.            -4.1507019039 -70.0154084046]
   [139.6469298238   0.             1.2114296432   8.0356258037]
   [  0.             0.            -1.4856525187 -34.7619152228]]

  [[  0.             0.             0.             0.          ]
   [-68.6483068281  -4.7484205901 -34.324153414    0.          ]
   [ 17.0618576204   1.6080973774   4.0437988137  37.1534749438]
   [  0.            -1.5585378951 -17.0223164565   0.          ]]

  [[  0.             0.             0.             0.          ]
   [  0.             0.             0.             0.          ]
   [  0.             0.             0.             0.          ]
   [  0.             0.             0.             0.          ]]]]
Regression on (site 1)x(site 2), independent of first order
[[  0.             0.             0.             0.          ]
 [  0.6539503992  -0.4782748386   0.3580891126 -74.4462410886]
 [  0.             0.             0.             0.          ]
 [  0.             0.             0.             0.          ]]
computed rFon2
computed rFon2D
Saving regression results to to /hpc/projects/data_lg/olivia.yoo/ortho_seqs/amyloid_beta/server_ortho_seq_results/gk_alberts_second0/amyloid_gk_nostop_regressions.npz
Trait values estimated from regressions
[-0.3668134968177511, -0.20331693172615034, -0.20331693172615034, -0.20331693172615034, -0.7840226801279064, -0.3668134968177511, -0.07685821006556293, 0.5147193449357867, -0.44951307709146543, -0.44951307709146543, -0.39068584428296127, -0.44951307709146543, -0.07685821006556293, -0.07685821006556293, -0.07685821006556293, -0.07685821006556293, -0.07685821006556293, -0.07685821006556293, -0.07685821006556293, -0.07685821006556293, -0.07685821006556293, -0.07685821006556293, -0.07685821006556293, -0.07685821006556293, -0.07685821006556293, -0.07685821006556293, -0.07685821006556293, -0.07685821006556293, -0.07685821006556293, -0.07685821006556293, -0.07685821006556293, -0.07685821006556293, -0.07685821006556293, -0.07685821006556293, -0.07685821006556293, -0.07685821006556293, -0.07685821006556293, -0.07685821006556293, -0.07685821006556293, -0.07685821006556293, -0.07685821006556293, -0.07685821006556293, -0.07685821006556293, -0.07685821006556293, -0.07685821006556293, -0.07685821006556293, -0.07685821006556293, -0.07685821006556293, -0.07685821006556293, -0.07685821006556293, -0.07685821006556293, -0.07685821006556293, -0.07685821006556293, -0.07685821006556293, -0.07685821006556293, -0.07685821006556293, -0.07685821006556293, -0.07685821006556293, -0.07685821006556293, -0.07685821006556293, -0.07685821006556293, -0.07685821006556293, -0.07685821006556293, -0.07685821006556293, -0.07685821006556293, -0.07685821006556293, -0.07685821006556293, -0.39068584428296127, -0.39068584428296127, -0.39068584428296127, -0.44951307709146543, -0.39068584428296127, -0.39068584428296127, -0.7840226801279064, -0.7840226801279064, -0.7840226801279064, -0.20331693172615034, -0.7840226801279064, -0.7840226801279064, -0.39068584428296127, -0.07685821006556293, -0.7840226801279064, -0.20331693172615034, -0.7840226801279064, -0.39068584428296127, -1.4684714463407644, -1.1096472710620098, -1.4684714463407644, 0.5147193449357867, -1.1331265410148736, 0.5391028393413325, -1.1331265410148736, -0.39068584428296127, -1.4684714463407644, -1.1096472710620098, -1.4684714463407644, -1.1096472710620098, -0.07685821006556293, -0.7840226801279064, -0.07685821006556293, -0.7840226801279064, -0.20331693172615034, -0.7840226801279064, -0.20331693172615034, -0.39068584428296127, -0.39068584428296127, -0.07685821006556293, -0.7840226801279064, -0.20331693172615034, -0.7840226801279064, -0.07685821006556293, -0.39068584428296127, -0.39068584428296127, -0.7840226801279064, -0.07685821006556293, -0.7840226801279064, -0.20331693172615034, -0.7840226801279064, -0.39068584428296127, -0.39068584428296127, -0.07685821006556293, -0.7840226801279064, -0.20331693172615034, -0.7840226801279064, -0.20331693172615034, -0.07685821006556293, -0.39068584428296127, 0.5147193449357867, -0.39068584428296127, -0.07685821006556293, -0.7840226801279064, -0.20331693172615034, -0.7840226801279064, -0.39068584428296127, -0.39068584428296127, -0.07685821006556293, -0.7840226801279064, -0.07685821006556293, -0.7840226801279064, -0.3668134968177511, -0.20331693172615034, -0.7840226801279064, -0.20331693172615034, -0.39068584428296127, -0.07685821006556293, -0.39068584428296127, 0.5147193449357867, -0.39068584428296127, -0.07685821006556293, -0.07685821006556293, -0.07685821006556293, -0.07685821006556293, -0.07685821006556293, -0.07685821006556293, -0.7840226801279064, -0.20331693172615034, -0.7840226801279064, -0.20331693172615034, -0.07685821006556293, -0.39068584428296127, 0.5147193449357867, -0.39068584428296127, -0.07685821006556293, -0.07685821006556293, -0.07685821006556293, -0.07685821006556293, -0.07685821006556293, -0.07685821006556293, -0.7840226801279064, -0.20331693172615034, -0.7840226801279064, -0.39068584428296127, 0.5147193449357867, -0.07685821006556293, -0.07685821006556293, -0.07685821006556293, -0.07685821006556293, -0.7840226801279064, -0.3668134968177511, -0.20331693172615034, -0.7840226801279064, -0.20331693172615034, -0.07685821006556293, -0.39068584428296127, 0.5147193449357867, -0.39068584428296127, -0.07685821006556293, -0.07685821006556293, -0.07685821006556293, -0.07685821006556293, -0.07685821006556293, -0.07685821006556293, -0.7840226801279064, -0.20331693172615034, -0.7840226801279064, -0.20331693172615034, -0.07685821006556293, -0.39068584428296127, 0.5147193449357867, -0.39068584428296127, -0.07685821006556293, -0.07685821006556293, -0.07685821006556293, -0.07685821006556293, -0.07685821006556293, -0.07685821006556293, -0.07685821006556293, -0.07685821006556293, -0.07685821006556293, -0.7840226801279064, -0.07685821006556293, -0.7840226801279064, -0.20331693172615034, -0.7840226801279064, -0.20331693172615034, -0.39068584428296127, -0.07685821006556293, -0.39068584428296127, 0.5147193449357867, -0.39068584428296127, -0.07685821006556293, -0.07685821006556293, -0.07685821006556293, -0.07685821006556293, -0.07685821006556293, -0.07685821006556293, -0.07685821006556293, -0.07685821006556293, -0.07685821006556293, -0.07685821006556293, -0.7840226801279064, -0.07685821006556293, -0.7840226801279064, -0.20331693172615034, -0.7840226801279064, -0.20331693172615034, -0.39068584428296127, -0.07685821006556293, -0.39068584428296127, 0.5147193449357867, -0.39068584428296127, -0.07685821006556293, -0.07685821006556293, -0.07685821006556293, -0.07685821006556293, -0.07685821006556293, -0.07685821006556293, -0.07685821006556293, -0.07685821006556293, -0.07685821006556293, -0.07685821006556293, -0.39068584428296127, -0.07685821006556293, -0.07685821006556293, -0.07685821006556293, -0.7840226801279064, -0.7840226801279064, -0.39068584428296127, -0.07685821006556293, -0.07685821006556293, -0.7840226801279064, -0.07685821006556293, -0.7840226801279064, -0.20331693172615034, -0.7840226801279064, -0.20331693172615034, -0.07685821006556293, -0.39068584428296127, 0.5147193449357867, -0.39068584428296127, -0.07685821006556293, -0.07685821006556293, -0.07685821006556293, -0.07685821006556293, -0.07685821006556293, -0.07685821006556293, -0.07685821006556293, -0.07685821006556293, -0.07685821006556293, -0.07685821006556293, -0.07685821006556293, -0.07685821006556293, -0.07685821006556293, -0.07685821006556293, -0.7840226801279064, -0.20331693172615034, -0.7840226801279064, -0.20331693172615034, -0.07685821006556293, -0.39068584428296127, 0.5147193449357867, -0.39068584428296127, -0.07685821006556293, -0.07685821006556293, -0.07685821006556293, -0.07685821006556293, -0.07685821006556293, -0.07685821006556293, -0.07685821006556293, -0.07685821006556293, -0.07685821006556293, -0.07685821006556293, -0.07685821006556293, -0.07685821006556293, -0.7840226801279064, -0.20331693172615034, -0.7840226801279064, -0.07685821006556293, -0.07685821006556293, -0.07685821006556293, -0.07685821006556293, -0.07685821006556293, -0.07685821006556293, -0.07685821006556293, -0.07685821006556293, -0.7840226801279064, -0.20331693172615034, -0.7840226801279064, -0.20331693172615034, -0.07685821006556293, -0.39068584428296127, 0.5147193449357867, -0.39068584428296127, -0.07685821006556293, -0.07685821006556293, -0.07685821006556293, -0.07685821006556293, -0.07685821006556293, -0.07685821006556293, -0.07685821006556293, -0.07685821006556293, -0.07685821006556293, -0.07685821006556293, -0.07685821006556293, -0.07685821006556293, -0.7840226801279064, -0.20331693172615034, -0.7840226801279064, -0.39068584428296127, -0.07685821006556293, -0.07685821006556293, -0.07685821006556293, -0.07685821006556293, -0.07685821006556293, -0.07685821006556293, -0.07685821006556293, -0.07685821006556293, -0.07685821006556293, -0.07685821006556293, -0.07685821006556293, -0.07685821006556293, -0.20331693172615034, -0.7840226801279064, -0.07685821006556293, -0.07685821006556293, -0.07685821006556293, -0.07685821006556293, -0.7840226801279064, -0.07685821006556293, -0.07685821006556293, -0.07685821006556293, -0.7840226801279064, -0.20331693172615034, -0.7840226801279064, -0.20331693172615034, -0.39068584428296127, 0.5147193449357867, -0.39068584428296127, -0.07685821006556293, -0.07685821006556293, -0.07685821006556293, -0.07685821006556293, -0.07685821006556293, -0.07685821006556293, -0.07685821006556293, -0.07685821006556293, -0.07685821006556293, -0.07685821006556293, -0.07685821006556293, -0.07685821006556293, -0.07685821006556293, -0.07685821006556293, -0.07685821006556293, -0.7840226801279064, -0.20331693172615034, -0.7840226801279064, -0.20331693172615034, -0.39068584428296127, 0.5147193449357867, -0.39068584428296127, -0.07685821006556293, -0.07685821006556293, -0.07685821006556293, -0.07685821006556293, -0.07685821006556293, -0.07685821006556293, -0.07685821006556293, -0.07685821006556293, -0.07685821006556293, -0.07685821006556293, -0.07685821006556293, -0.07685821006556293, -0.07685821006556293, -0.07685821006556293, -0.07685821006556293, -0.7840226801279064, -0.20331693172615034, -0.7840226801279064, -0.20331693172615034, -0.07685821006556293, -0.39068584428296127, 0.5147193449357867, -0.39068584428296127, -0.07685821006556293, -0.07685821006556293, -0.07685821006556293, -0.07685821006556293, -0.07685821006556293, -0.07685821006556293, -0.07685821006556293, -0.07685821006556293, -0.07685821006556293, -0.07685821006556293, -0.07685821006556293, -0.07685821006556293, -0.07685821006556293, -0.07685821006556293, -0.07685821006556293, -0.07685821006556293]
rf1d Object:

Number of sites: 7
Number of dimensions: 4
Alphabet input: ['0', '1', '2', 'z']
Molecule: protein

Phenotype represents nscore values
Image output directory: /hpc/projects/data_lg/olivia.yoo/ortho_seqs/amyloid_beta/server_ortho_seq_results/gk_alberts_second0
Highest rFon1D magnitudes:
-1.1079	Site: 2		Key: 0
-0.6814	Site: 0		Key: 2
0.5101	Site: 1		Key: 0
0.4674	Site: 0		Key: 1
0.3707	Site: 4		Key: 0
-0.343	Site: 2		Key: 2
-0.2971	Site: 1		Key: 2
0.2387	Site: 2		Key: z
-0.1849	Site: 4		Key: 2
0.1778	Site: 3		Key: z
saved regression graph as /hpc/projects/data_lg/olivia.yoo/ortho_seqs/amyloid_beta/server_ortho_seq_results/gk_alberts_second0/rFon1D_Regressions_of_nscore_values.png
--- 181529.11296916008 seconds ---
